# Logfile created on 2022-05-05 11:26:45 +0000 by logger.rb/v1.4.2
[2022-05-05T11:26:45+00:00] INFO: Started Chef Infra Zero at chefzero://localhost:1 with repository at /opt/gitlab/embedded
  One version per cookbook

[2022-05-05T11:26:46+00:00] INFO: *** Chef Infra Client 15.17.4 ***
[2022-05-05T11:26:46+00:00] INFO: Platform: x86_64-linux
[2022-05-05T11:26:46+00:00] INFO: Chef-client pid: 31
[2022-05-05T11:26:47+00:00] INFO: Setting the run_list to ["recipe[gitlab]"] from CLI options
[2022-05-05T11:26:47+00:00] INFO: Run List is [recipe[gitlab]]
[2022-05-05T11:26:47+00:00] INFO: Run List expands to [gitlab]
[2022-05-05T11:26:47+00:00] INFO: Starting Chef Infra Client Run for gitlab.les.at-consulting.ru
[2022-05-05T11:26:47+00:00] INFO: Running start handlers
[2022-05-05T11:26:47+00:00] INFO: Start handlers complete.
[2022-05-05T11:26:48+00:00] INFO: Loading cookbooks [gitlab@0.0.1, package@0.1.0, logrotate@0.1.0, postgresql@0.1.0, redis@0.1.0, monitoring@0.1.0, registry@0.1.0, mattermost@0.1.0, consul@0.1.0, gitaly@0.1.0, praefect@0.1.0, gitlab-kas@0.1.0, gitlab-pages@0.1.0, letsencrypt@0.1.0, nginx@0.1.0, runit@5.1.3, acme@4.1.3, crond@0.1.0]
[2022-05-05T11:26:53+00:00] INFO: Skipped selecting an init system because it was explicitly disabled
[2022-05-05T11:26:55+00:00] WARN: only_if block for file[/var/opt/gitlab/gitlab-rails/etc/gitlab-registry.key] returned a string, did you mean to run a command?
[2022-05-05T11:26:56+00:00] WARN: only_if block for templatesymlink[Create a gitlab_pages_secret and create a symlink to Rails root] returned a string, did you mean to run a command?
[2022-05-05T11:26:56+00:00] WARN: only_if block for templatesymlink[Create a gitlab_kas_secret and create a symlink to Rails root] returned a string, did you mean to run a command?
[2022-05-05T11:26:56+00:00] INFO: link[/opt/gitlab/service/logrotate] created
[2022-05-05T11:26:56+00:00] INFO: link[/opt/gitlab/service/redis] created
[2022-05-05T11:26:57+00:00] INFO: link[/opt/gitlab/service/gitaly] created
[2022-05-05T11:26:57+00:00] INFO: link[/opt/gitlab/service/postgresql] created
[2022-05-05T11:26:57+00:00] INFO: file[/opt/gitlab/service/postgresql/log/supervise/status] owner changed to 996
[2022-05-05T11:26:57+00:00] INFO: file[/opt/gitlab/service/postgresql/log/supervise/status] group changed to 996
[2022-05-05T11:26:57+00:00] INFO: file[/opt/gitlab/service/postgresql/log/supervise/status] updated atime and mtime to 2022-05-05 11:26:57 +0000
[2022-05-05T11:26:58+00:00] INFO: link[/opt/gitlab/service/gitlab-kas] created
[2022-05-05T11:26:58+00:00] INFO: link[/opt/gitlab/service/crond] created
[2022-05-05T11:26:58+00:00] INFO: link[/opt/gitlab/service/puma] created
[2022-05-05T11:26:58+00:00] INFO: link[/opt/gitlab/service/sidekiq] created
[2022-05-05T11:26:58+00:00] INFO: link[/opt/gitlab/service/gitlab-workhorse] created
[2022-05-05T11:26:58+00:00] INFO: link[/opt/gitlab/service/nginx] created
[2022-05-05T11:26:59+00:00] INFO: link[/opt/gitlab/service/registry] created
[2022-05-05T11:26:59+00:00] INFO: ruby_block[populate mattermost configuration options] called
[2022-05-05T11:26:59+00:00] INFO: link[/opt/gitlab/service/mattermost] created
[2022-05-05T11:27:00+00:00] INFO: file[/var/opt/gitlab/crond/letsencrypt-renew] created file /var/opt/gitlab/crond/letsencrypt-renew
[2022-05-05T11:27:00+00:00] INFO: file[/var/opt/gitlab/crond/letsencrypt-renew] updated file contents /var/opt/gitlab/crond/letsencrypt-renew
[2022-05-05T11:27:00+00:00] INFO: file[/var/opt/gitlab/crond/letsencrypt-renew] owner changed to 0
[2022-05-05T11:27:00+00:00] INFO: file[/var/opt/gitlab/crond/letsencrypt-renew] group changed to 0
[2022-05-05T11:27:00+00:00] INFO: ruby_block[save_auto_enabled] called
[2022-05-05T11:27:00+00:00] INFO: template[/opt/gitlab/etc/gitlab-healthcheck-rc] created file /opt/gitlab/etc/gitlab-healthcheck-rc
[2022-05-05T11:27:00+00:00] INFO: template[/opt/gitlab/etc/gitlab-healthcheck-rc] updated file contents /opt/gitlab/etc/gitlab-healthcheck-rc
[2022-05-05T11:27:00+00:00] INFO: template[/opt/gitlab/etc/gitlab-healthcheck-rc] owner changed to 0
[2022-05-05T11:27:00+00:00] INFO: template[/opt/gitlab/etc/gitlab-healthcheck-rc] group changed to 0
[2022-05-05T11:27:00+00:00] INFO: directory[/opt/gitlab/etc/gitlab-exporter/env] created directory /opt/gitlab/etc/gitlab-exporter/env
[2022-05-05T11:27:00+00:00] INFO: file[/opt/gitlab/etc/gitlab-exporter/env/LD_PRELOAD] created file /opt/gitlab/etc/gitlab-exporter/env/LD_PRELOAD
[2022-05-05T11:27:00+00:00] INFO: file[/opt/gitlab/etc/gitlab-exporter/env/LD_PRELOAD] updated file contents /opt/gitlab/etc/gitlab-exporter/env/LD_PRELOAD
[2022-05-05T11:27:00+00:00] INFO: file[/opt/gitlab/etc/gitlab-exporter/env/MALLOC_CONF] created file /opt/gitlab/etc/gitlab-exporter/env/MALLOC_CONF
[2022-05-05T11:27:00+00:00] INFO: file[/opt/gitlab/etc/gitlab-exporter/env/MALLOC_CONF] updated file contents /opt/gitlab/etc/gitlab-exporter/env/MALLOC_CONF
[2022-05-05T11:27:00+00:00] INFO: file[/opt/gitlab/etc/gitlab-exporter/env/RUBY_GC_HEAP_INIT_SLOTS] created file /opt/gitlab/etc/gitlab-exporter/env/RUBY_GC_HEAP_INIT_SLOTS
[2022-05-05T11:27:00+00:00] INFO: file[/opt/gitlab/etc/gitlab-exporter/env/RUBY_GC_HEAP_INIT_SLOTS] updated file contents /opt/gitlab/etc/gitlab-exporter/env/RUBY_GC_HEAP_INIT_SLOTS
[2022-05-05T11:27:00+00:00] INFO: file[/opt/gitlab/etc/gitlab-exporter/env/RUBY_GC_HEAP_FREE_SLOTS_MIN_RATIO] created file /opt/gitlab/etc/gitlab-exporter/env/RUBY_GC_HEAP_FREE_SLOTS_MIN_RATIO
[2022-05-05T11:27:00+00:00] INFO: file[/opt/gitlab/etc/gitlab-exporter/env/RUBY_GC_HEAP_FREE_SLOTS_MIN_RATIO] updated file contents /opt/gitlab/etc/gitlab-exporter/env/RUBY_GC_HEAP_FREE_SLOTS_MIN_RATIO
[2022-05-05T11:27:00+00:00] INFO: file[/opt/gitlab/etc/gitlab-exporter/env/RUBY_GC_HEAP_FREE_SLOTS_MAX_RATIO] created file /opt/gitlab/etc/gitlab-exporter/env/RUBY_GC_HEAP_FREE_SLOTS_MAX_RATIO
[2022-05-05T11:27:00+00:00] INFO: file[/opt/gitlab/etc/gitlab-exporter/env/RUBY_GC_HEAP_FREE_SLOTS_MAX_RATIO] updated file contents /opt/gitlab/etc/gitlab-exporter/env/RUBY_GC_HEAP_FREE_SLOTS_MAX_RATIO
[2022-05-05T11:27:00+00:00] INFO: file[/opt/gitlab/etc/gitlab-exporter/env/SSL_CERT_DIR] created file /opt/gitlab/etc/gitlab-exporter/env/SSL_CERT_DIR
[2022-05-05T11:27:00+00:00] INFO: file[/opt/gitlab/etc/gitlab-exporter/env/SSL_CERT_DIR] updated file contents /opt/gitlab/etc/gitlab-exporter/env/SSL_CERT_DIR
[2022-05-05T11:27:00+00:00] INFO: file[/opt/gitlab/etc/gitlab-exporter/env/SSL_CERT_FILE] created file /opt/gitlab/etc/gitlab-exporter/env/SSL_CERT_FILE
[2022-05-05T11:27:00+00:00] INFO: file[/opt/gitlab/etc/gitlab-exporter/env/SSL_CERT_FILE] updated file contents /opt/gitlab/etc/gitlab-exporter/env/SSL_CERT_FILE
[2022-05-05T11:27:00+00:00] INFO: directory[/opt/gitlab/sv/gitlab-exporter] created directory /opt/gitlab/sv/gitlab-exporter
[2022-05-05T11:27:00+00:00] INFO: directory[/opt/gitlab/sv/gitlab-exporter] owner changed to 0
[2022-05-05T11:27:00+00:00] INFO: directory[/opt/gitlab/sv/gitlab-exporter] group changed to 0
[2022-05-05T11:27:00+00:00] INFO: directory[/opt/gitlab/sv/gitlab-exporter] mode changed to 755
[2022-05-05T11:27:00+00:00] INFO: template[/opt/gitlab/sv/gitlab-exporter/run] created file /opt/gitlab/sv/gitlab-exporter/run
[2022-05-05T11:27:00+00:00] INFO: template[/opt/gitlab/sv/gitlab-exporter/run] updated file contents /opt/gitlab/sv/gitlab-exporter/run
[2022-05-05T11:27:00+00:00] INFO: template[/opt/gitlab/sv/gitlab-exporter/run] owner changed to 0
[2022-05-05T11:27:00+00:00] INFO: template[/opt/gitlab/sv/gitlab-exporter/run] group changed to 0
[2022-05-05T11:27:00+00:00] INFO: template[/opt/gitlab/sv/gitlab-exporter/run] mode changed to 755
[2022-05-05T11:27:00+00:00] INFO: directory[/opt/gitlab/sv/gitlab-exporter/log] created directory /opt/gitlab/sv/gitlab-exporter/log
[2022-05-05T11:27:00+00:00] INFO: directory[/opt/gitlab/sv/gitlab-exporter/log] owner changed to 0
[2022-05-05T11:27:00+00:00] INFO: directory[/opt/gitlab/sv/gitlab-exporter/log] group changed to 0
[2022-05-05T11:27:00+00:00] INFO: directory[/opt/gitlab/sv/gitlab-exporter/log] mode changed to 755
[2022-05-05T11:27:00+00:00] INFO: directory[/opt/gitlab/sv/gitlab-exporter/log/main] created directory /opt/gitlab/sv/gitlab-exporter/log/main
[2022-05-05T11:27:00+00:00] INFO: directory[/opt/gitlab/sv/gitlab-exporter/log/main] owner changed to 0
[2022-05-05T11:27:00+00:00] INFO: directory[/opt/gitlab/sv/gitlab-exporter/log/main] group changed to 0
[2022-05-05T11:27:00+00:00] INFO: directory[/opt/gitlab/sv/gitlab-exporter/log/main] mode changed to 755
[2022-05-05T11:27:00+00:00] INFO: template[/opt/gitlab/sv/gitlab-exporter/log/config] created file /opt/gitlab/sv/gitlab-exporter/log/config
[2022-05-05T11:27:00+00:00] INFO: template[/opt/gitlab/sv/gitlab-exporter/log/config] updated file contents /opt/gitlab/sv/gitlab-exporter/log/config
[2022-05-05T11:27:00+00:00] INFO: template[/opt/gitlab/sv/gitlab-exporter/log/config] owner changed to 0
[2022-05-05T11:27:00+00:00] INFO: template[/opt/gitlab/sv/gitlab-exporter/log/config] group changed to 0
[2022-05-05T11:27:00+00:00] INFO: template[/opt/gitlab/sv/gitlab-exporter/log/config] mode changed to 644
[2022-05-05T11:27:00+00:00] INFO: template[/opt/gitlab/sv/gitlab-exporter/log/config] sending create action to ruby_block[verify_chown_persisted_on_gitlab-exporter] (immediate)
[2022-05-05T11:27:00+00:00] INFO: ruby_block[verify_chown_persisted_on_gitlab-exporter] called
[2022-05-05T11:27:00+00:00] INFO: template[/opt/gitlab/sv/gitlab-exporter/log/run] created file /opt/gitlab/sv/gitlab-exporter/log/run
[2022-05-05T11:27:00+00:00] INFO: template[/opt/gitlab/sv/gitlab-exporter/log/run] updated file contents /opt/gitlab/sv/gitlab-exporter/log/run
[2022-05-05T11:27:00+00:00] INFO: template[/opt/gitlab/sv/gitlab-exporter/log/run] owner changed to 0
[2022-05-05T11:27:00+00:00] INFO: template[/opt/gitlab/sv/gitlab-exporter/log/run] group changed to 0
[2022-05-05T11:27:00+00:00] INFO: template[/opt/gitlab/sv/gitlab-exporter/log/run] mode changed to 755
[2022-05-05T11:27:00+00:00] INFO: directory[/opt/gitlab/sv/gitlab-exporter/env] created directory /opt/gitlab/sv/gitlab-exporter/env
[2022-05-05T11:27:00+00:00] INFO: directory[/opt/gitlab/sv/gitlab-exporter/env] owner changed to 0
[2022-05-05T11:27:00+00:00] INFO: directory[/opt/gitlab/sv/gitlab-exporter/env] group changed to 0
[2022-05-05T11:27:00+00:00] INFO: directory[/opt/gitlab/sv/gitlab-exporter/env] mode changed to 755
[2022-05-05T11:27:00+00:00] INFO: directory[/opt/gitlab/sv/gitlab-exporter/control] created directory /opt/gitlab/sv/gitlab-exporter/control
[2022-05-05T11:27:00+00:00] INFO: directory[/opt/gitlab/sv/gitlab-exporter/control] owner changed to 0
[2022-05-05T11:27:00+00:00] INFO: directory[/opt/gitlab/sv/gitlab-exporter/control] group changed to 0
[2022-05-05T11:27:00+00:00] INFO: directory[/opt/gitlab/sv/gitlab-exporter/control] mode changed to 755
[2022-05-05T11:27:01+00:00] INFO: link[/opt/gitlab/init/gitlab-exporter] created
[2022-05-05T11:27:01+00:00] INFO: template[/opt/gitlab/sv/gitlab-exporter/run] sending run action to ruby_block[restart_service] (delayed)
[2022-05-05T11:27:01+00:00] INFO: template[/opt/gitlab/sv/gitlab-exporter/log/config] sending create action to ruby_block[reload_log_service] (delayed)
[2022-05-05T11:27:01+00:00] INFO: link[/opt/gitlab/service/gitlab-exporter] created
[2022-05-05T11:27:06+00:00] INFO: ruby_block[wait for gitlab-exporter service socket] called
[2022-05-05T11:27:06+00:00] INFO: ruby_block[reload_log_service] called
[2022-05-05T11:27:06+00:00] INFO: template[/opt/gitlab/sv/gitlab-exporter/log/run] sending run action to ruby_block[restart_log_service] (delayed)
[2022-05-05T11:27:20+00:00] INFO: ruby_block[restart_log_service] called
[2022-05-05T11:27:20+00:00] INFO: directory[/opt/gitlab/etc/redis-exporter/env] created directory /opt/gitlab/etc/redis-exporter/env
[2022-05-05T11:27:20+00:00] INFO: directory[/opt/gitlab/etc/redis-exporter/env] owner changed to 997
[2022-05-05T11:27:20+00:00] INFO: directory[/opt/gitlab/etc/redis-exporter/env] mode changed to 700
[2022-05-05T11:27:20+00:00] INFO: file[/opt/gitlab/etc/redis-exporter/env/SSL_CERT_DIR] created file /opt/gitlab/etc/redis-exporter/env/SSL_CERT_DIR
[2022-05-05T11:27:29+00:00] INFO: file[/opt/gitlab/etc/redis-exporter/env/SSL_CERT_DIR] updated file contents /opt/gitlab/etc/redis-exporter/env/SSL_CERT_DIR
[2022-05-05T11:27:29+00:00] INFO: directory[/opt/gitlab/sv/redis-exporter] created directory /opt/gitlab/sv/redis-exporter
[2022-05-05T11:27:29+00:00] INFO: directory[/opt/gitlab/sv/redis-exporter] owner changed to 0
[2022-05-05T11:27:29+00:00] INFO: directory[/opt/gitlab/sv/redis-exporter] group changed to 0
[2022-05-05T11:27:29+00:00] INFO: directory[/opt/gitlab/sv/redis-exporter] mode changed to 755
[2022-05-05T11:27:29+00:00] INFO: template[/opt/gitlab/sv/redis-exporter/run] created file /opt/gitlab/sv/redis-exporter/run
[2022-05-05T11:27:33+00:00] INFO: template[/opt/gitlab/sv/redis-exporter/run] updated file contents /opt/gitlab/sv/redis-exporter/run
[2022-05-05T11:27:33+00:00] INFO: template[/opt/gitlab/sv/redis-exporter/run] owner changed to 0
[2022-05-05T11:27:33+00:00] INFO: template[/opt/gitlab/sv/redis-exporter/run] group changed to 0
[2022-05-05T11:27:33+00:00] INFO: template[/opt/gitlab/sv/redis-exporter/run] mode changed to 755
[2022-05-05T11:27:33+00:00] INFO: directory[/opt/gitlab/sv/redis-exporter/log] created directory /opt/gitlab/sv/redis-exporter/log
[2022-05-05T11:27:33+00:00] INFO: directory[/opt/gitlab/sv/redis-exporter/log] owner changed to 0
[2022-05-05T11:27:33+00:00] INFO: directory[/opt/gitlab/sv/redis-exporter/log] group changed to 0
[2022-05-05T11:27:33+00:00] INFO: directory[/opt/gitlab/sv/redis-exporter/log] mode changed to 755
[2022-05-05T11:27:33+00:00] INFO: directory[/opt/gitlab/sv/redis-exporter/log/main] created directory /opt/gitlab/sv/redis-exporter/log/main
[2022-05-05T11:27:33+00:00] INFO: directory[/opt/gitlab/sv/redis-exporter/log/main] owner changed to 0
[2022-05-05T11:27:33+00:00] INFO: directory[/opt/gitlab/sv/redis-exporter/log/main] group changed to 0
[2022-05-05T11:27:33+00:00] INFO: directory[/opt/gitlab/sv/redis-exporter/log/main] mode changed to 755
[2022-05-05T11:27:34+00:00] INFO: template[/opt/gitlab/sv/redis-exporter/log/config] created file /opt/gitlab/sv/redis-exporter/log/config
[2022-05-05T11:27:47+00:00] INFO: template[/opt/gitlab/sv/redis-exporter/log/config] updated file contents /opt/gitlab/sv/redis-exporter/log/config
[2022-05-05T11:27:47+00:00] INFO: template[/opt/gitlab/sv/redis-exporter/log/config] owner changed to 0
[2022-05-05T11:27:47+00:00] INFO: template[/opt/gitlab/sv/redis-exporter/log/config] group changed to 0
[2022-05-05T11:27:47+00:00] INFO: template[/opt/gitlab/sv/redis-exporter/log/config] mode changed to 644
[2022-05-05T11:27:47+00:00] INFO: template[/opt/gitlab/sv/redis-exporter/log/config] sending create action to ruby_block[verify_chown_persisted_on_redis-exporter] (immediate)
[2022-05-05T11:27:47+00:00] INFO: ruby_block[verify_chown_persisted_on_redis-exporter] called
[2022-05-05T11:27:47+00:00] INFO: template[/opt/gitlab/sv/redis-exporter/log/run] created file /opt/gitlab/sv/redis-exporter/log/run
[2022-05-05T11:27:53+00:00] INFO: template[/opt/gitlab/sv/redis-exporter/log/run] updated file contents /opt/gitlab/sv/redis-exporter/log/run
[2022-05-05T11:27:53+00:00] INFO: template[/opt/gitlab/sv/redis-exporter/log/run] owner changed to 0
[2022-05-05T11:27:53+00:00] INFO: template[/opt/gitlab/sv/redis-exporter/log/run] group changed to 0
[2022-05-05T11:27:53+00:00] INFO: template[/opt/gitlab/sv/redis-exporter/log/run] mode changed to 755
[2022-05-05T11:27:53+00:00] INFO: directory[/opt/gitlab/sv/redis-exporter/env] created directory /opt/gitlab/sv/redis-exporter/env
[2022-05-05T11:27:53+00:00] INFO: directory[/opt/gitlab/sv/redis-exporter/env] owner changed to 0
[2022-05-05T11:27:53+00:00] INFO: directory[/opt/gitlab/sv/redis-exporter/env] group changed to 0
[2022-05-05T11:27:53+00:00] INFO: directory[/opt/gitlab/sv/redis-exporter/env] mode changed to 755
[2022-05-05T11:27:53+00:00] INFO: directory[/opt/gitlab/sv/redis-exporter/control] created directory /opt/gitlab/sv/redis-exporter/control
[2022-05-05T11:27:53+00:00] INFO: directory[/opt/gitlab/sv/redis-exporter/control] owner changed to 0
[2022-05-05T11:27:53+00:00] INFO: directory[/opt/gitlab/sv/redis-exporter/control] group changed to 0
[2022-05-05T11:27:53+00:00] INFO: directory[/opt/gitlab/sv/redis-exporter/control] mode changed to 755
[2022-05-05T11:27:53+00:00] INFO: link[/opt/gitlab/init/redis-exporter] created
[2022-05-05T11:27:53+00:00] INFO: template[/opt/gitlab/sv/redis-exporter/run] sending run action to ruby_block[restart_service] (delayed)
[2022-05-05T11:27:53+00:00] INFO: template[/opt/gitlab/sv/redis-exporter/log/config] sending create action to ruby_block[reload_log_service] (delayed)
[2022-05-05T11:27:53+00:00] INFO: link[/opt/gitlab/service/redis-exporter] created
[2022-05-05T11:27:57+00:00] INFO: ruby_block[wait for redis-exporter service socket] called
[2022-05-05T11:27:57+00:00] INFO: ruby_block[reload_log_service] called
[2022-05-05T11:27:57+00:00] INFO: template[/opt/gitlab/sv/redis-exporter/log/run] sending run action to ruby_block[restart_log_service] (delayed)
[2022-05-05T11:28:28+00:00] INFO: Running queued delayed notifications before re-raising exception
[2022-05-05T11:28:28+00:00] INFO: file[/var/opt/gitlab/crond/letsencrypt-renew] sending restart action to runit_service[crond] (delayed)
[2022-05-05T11:28:55+00:00] INFO: env_dir[/opt/gitlab/etc/gitlab-exporter/env] sending restart action to runit_service[gitlab-exporter] (delayed)
[2022-05-05T11:29:05+00:00] INFO: env_dir[/opt/gitlab/etc/redis-exporter/env] sending restart action to runit_service[redis-exporter] (delayed)
[2022-05-05T11:29:14+00:00] ERROR: Running exception handlers
[2022-05-05T11:29:14+00:00] ERROR: Exception handlers complete
[2022-05-05T11:29:16+00:00] FATAL: Stacktrace dumped to /opt/gitlab/embedded/cookbooks/cache/chef-stacktrace.out
[2022-05-05T11:29:16+00:00] FATAL: Please provide the contents of the stacktrace.out file if you file a bug report
[2022-05-05T11:29:16+00:00] FATAL: Mixlib::ShellOut::ShellCommandFailed: runit_service[redis-exporter] (monitoring::redis-exporter line 41) had an error: Mixlib::ShellOut::ShellCommandFailed: ruby_block[restart_log_service] (/opt/gitlab/embedded/cookbooks/cache/cookbooks/runit/libraries/provider_runit_service.rb line 66) had an error: Mixlib::ShellOut::ShellCommandFailed: Expected process to exit with [0], but received '1'
---- Begin output of /opt/gitlab/embedded/bin/sv restart /opt/gitlab/service/redis-exporter/log ----
STDOUT: timeout: run: /opt/gitlab/service/redis-exporter/log: (pid 549) 31s
STDERR: 
---- End output of /opt/gitlab/embedded/bin/sv restart /opt/gitlab/service/redis-exporter/log ----
Ran /opt/gitlab/embedded/bin/sv restart /opt/gitlab/service/redis-exporter/log returned 1
