# Logfile created on 2022-04-27 12:10:28 +0000 by logger.rb/v1.4.2
[2022-04-27T12:10:35+00:00] INFO: Started Chef Infra Zero at chefzero://localhost:1 with repository at /opt/gitlab/embedded
  One version per cookbook

[2022-04-27T12:10:36+00:00] INFO: *** Chef Infra Client 15.17.4 ***
[2022-04-27T12:10:36+00:00] INFO: Platform: x86_64-linux
[2022-04-27T12:10:36+00:00] INFO: Chef-client pid: 38
[2022-04-27T12:10:42+00:00] INFO: Setting the run_list to ["recipe[gitlab]"] from CLI options
[2022-04-27T12:10:42+00:00] INFO: Run List is [recipe[gitlab]]
[2022-04-27T12:10:42+00:00] INFO: Run List expands to [gitlab]
[2022-04-27T12:10:42+00:00] INFO: Starting Chef Infra Client Run for les-iti-git-1
[2022-04-27T12:10:42+00:00] INFO: Running start handlers
[2022-04-27T12:10:42+00:00] INFO: Start handlers complete.
[2022-04-27T12:10:59+00:00] INFO: Loading cookbooks [gitlab@0.0.1, package@0.1.0, logrotate@0.1.0, postgresql@0.1.0, redis@0.1.0, monitoring@0.1.0, registry@0.1.0, mattermost@0.1.0, consul@0.1.0, gitaly@0.1.0, praefect@0.1.0, gitlab-kas@0.1.0, gitlab-pages@0.1.0, letsencrypt@0.1.0, nginx@0.1.0, runit@5.1.3, acme@4.1.3, crond@0.1.0]
[2022-04-27T12:11:18+00:00] INFO: Skipped selecting an init system because it was explicitly disabled
[2022-04-27T12:11:20+00:00] WARN: only_if block for templatesymlink[Create a gitlab_pages_secret and create a symlink to Rails root] returned a string, did you mean to run a command?
[2022-04-27T12:11:20+00:00] WARN: only_if block for templatesymlink[Create a gitlab_kas_secret and create a symlink to Rails root] returned a string, did you mean to run a command?
[2022-04-27T12:11:21+00:00] INFO: link[/opt/gitlab/service/logrotate] created
[2022-04-27T12:11:21+00:00] INFO: link[/opt/gitlab/service/redis] created
[2022-04-27T12:11:21+00:00] INFO: link[/opt/gitlab/service/gitaly] created
[2022-04-27T12:12:02+00:00] INFO: link[/opt/gitlab/service/postgresql] created
[2022-04-27T12:12:02+00:00] INFO: file[/opt/gitlab/service/postgresql/supervise/status] owner changed to 996
[2022-04-27T12:12:02+00:00] INFO: file[/opt/gitlab/service/postgresql/supervise/status] group changed to 996
[2022-04-27T12:12:02+00:00] INFO: file[/opt/gitlab/service/postgresql/supervise/status] updated atime and mtime to 2022-04-27 12:12:02 +0000
[2022-04-27T12:12:02+00:00] INFO: file[/opt/gitlab/service/postgresql/log/supervise/status] owner changed to 996
[2022-04-27T12:12:02+00:00] INFO: file[/opt/gitlab/service/postgresql/log/supervise/status] group changed to 996
[2022-04-27T12:12:02+00:00] INFO: file[/opt/gitlab/service/postgresql/log/supervise/status] updated atime and mtime to 2022-04-27 12:12:02 +0000
[2022-04-27T12:12:26+00:00] INFO: link[/opt/gitlab/service/gitlab-kas] created
[2022-04-27T12:12:26+00:00] INFO: link[/opt/gitlab/service/puma] created
[2022-04-27T12:12:26+00:00] INFO: link[/opt/gitlab/service/sidekiq] created
[2022-04-27T12:12:27+00:00] INFO: link[/opt/gitlab/service/gitlab-workhorse] created
[2022-04-27T12:12:59+00:00] INFO: link[/opt/gitlab/service/nginx] created
[2022-04-27T12:13:01+00:00] INFO: link[/opt/gitlab/service/gitlab-exporter] created
[2022-04-27T12:13:02+00:00] INFO: link[/opt/gitlab/service/redis-exporter] created
[2022-04-27T12:13:03+00:00] INFO: link[/opt/gitlab/service/prometheus] created
[2022-04-27T12:13:04+00:00] INFO: link[/opt/gitlab/service/alertmanager] created
[2022-04-27T12:13:05+00:00] INFO: link[/opt/gitlab/service/postgres-exporter] created
[2022-04-27T12:13:05+00:00] INFO: ruby_block[populate Grafana configuration options] called
[2022-04-27T12:13:06+00:00] INFO: link[/opt/gitlab/service/grafana] created
[2022-04-27T12:13:07+00:00] INFO: Chef Infra Client Run complete in 144.792541557 seconds
[2022-04-27T12:13:07+00:00] INFO: Running report handlers
[2022-04-27T12:13:07+00:00] INFO: Report handlers complete
[2022-04-27T12:13:07+00:00] WARN: This release of Chef Infra Client became end of life (EOL) on May 1st 2021. Please update to a supported release to receive new features, bug fixes, and security updates.
