# Logfile created on 2022-05-05 11:29:55 +0000 by logger.rb/v1.4.2
[2022-05-05T11:29:56+00:00] INFO: Started Chef Infra Zero at chefzero://localhost:1 with repository at /opt/gitlab/embedded
  One version per cookbook

[2022-05-05T11:29:56+00:00] INFO: *** Chef Infra Client 15.17.4 ***
[2022-05-05T11:29:56+00:00] INFO: Platform: x86_64-linux
[2022-05-05T11:29:56+00:00] INFO: Chef-client pid: 32
[2022-05-05T11:29:58+00:00] INFO: Setting the run_list to ["recipe[gitlab]"] from CLI options
[2022-05-05T11:29:58+00:00] INFO: Run List is [recipe[gitlab]]
[2022-05-05T11:29:58+00:00] INFO: Run List expands to [gitlab]
[2022-05-05T11:29:58+00:00] INFO: Starting Chef Infra Client Run for gitlab.les.at-consulting.ru
[2022-05-05T11:29:58+00:00] INFO: Running start handlers
[2022-05-05T11:29:58+00:00] INFO: Start handlers complete.
[2022-05-05T11:29:59+00:00] INFO: Loading cookbooks [gitlab@0.0.1, package@0.1.0, logrotate@0.1.0, postgresql@0.1.0, redis@0.1.0, monitoring@0.1.0, registry@0.1.0, mattermost@0.1.0, consul@0.1.0, gitaly@0.1.0, praefect@0.1.0, gitlab-kas@0.1.0, gitlab-pages@0.1.0, letsencrypt@0.1.0, nginx@0.1.0, runit@5.1.3, acme@4.1.3, crond@0.1.0]
[2022-05-05T11:30:04+00:00] INFO: Skipped selecting an init system because it was explicitly disabled
[2022-05-05T11:30:06+00:00] WARN: only_if block for file[/var/opt/gitlab/gitlab-rails/etc/gitlab-registry.key] returned a string, did you mean to run a command?
[2022-05-05T11:30:07+00:00] WARN: only_if block for templatesymlink[Create a gitlab_pages_secret and create a symlink to Rails root] returned a string, did you mean to run a command?
[2022-05-05T11:30:07+00:00] WARN: only_if block for templatesymlink[Create a gitlab_kas_secret and create a symlink to Rails root] returned a string, did you mean to run a command?
[2022-05-05T11:30:07+00:00] INFO: link[/opt/gitlab/service/logrotate] created
[2022-05-05T11:30:08+00:00] INFO: link[/opt/gitlab/service/redis] created
[2022-05-05T11:30:08+00:00] INFO: link[/opt/gitlab/service/gitaly] created
[2022-05-05T11:30:09+00:00] INFO: link[/opt/gitlab/service/postgresql] created
[2022-05-05T11:30:09+00:00] INFO: file[/opt/gitlab/service/postgresql/supervise/status] owner changed to 996
[2022-05-05T11:30:09+00:00] INFO: file[/opt/gitlab/service/postgresql/supervise/status] group changed to 996
[2022-05-05T11:30:09+00:00] INFO: file[/opt/gitlab/service/postgresql/supervise/status] updated atime and mtime to 2022-05-05 11:30:09 +0000
[2022-05-05T11:30:09+00:00] INFO: file[/opt/gitlab/service/postgresql/log/supervise/status] owner changed to 996
[2022-05-05T11:30:09+00:00] INFO: file[/opt/gitlab/service/postgresql/log/supervise/status] group changed to 996
[2022-05-05T11:30:09+00:00] INFO: file[/opt/gitlab/service/postgresql/log/supervise/status] updated atime and mtime to 2022-05-05 11:30:09 +0000
[2022-05-05T11:30:09+00:00] INFO: link[/opt/gitlab/service/gitlab-kas] created
[2022-05-05T11:30:09+00:00] INFO: link[/opt/gitlab/service/crond] created
[2022-05-05T11:30:09+00:00] INFO: link[/opt/gitlab/service/puma] created
[2022-05-05T11:30:10+00:00] INFO: link[/opt/gitlab/service/sidekiq] created
[2022-05-05T11:30:10+00:00] INFO: link[/opt/gitlab/service/gitlab-workhorse] created
[2022-05-05T11:30:10+00:00] INFO: link[/opt/gitlab/service/nginx] created
[2022-05-05T11:30:10+00:00] INFO: link[/opt/gitlab/service/registry] created
[2022-05-05T11:30:10+00:00] INFO: ruby_block[populate mattermost configuration options] called
[2022-05-05T11:30:11+00:00] INFO: link[/opt/gitlab/service/mattermost] created
[2022-05-05T11:30:11+00:00] INFO: ruby_block[save_auto_enabled] called
[2022-05-05T11:30:12+00:00] INFO: link[/opt/gitlab/service/gitlab-exporter] created
[2022-05-05T11:30:12+00:00] INFO: link[/opt/gitlab/service/redis-exporter] created
[2022-05-05T11:30:12+00:00] INFO: directory[/opt/gitlab/etc/prometheus/env] created directory /opt/gitlab/etc/prometheus/env
[2022-05-05T11:30:12+00:00] INFO: directory[/opt/gitlab/etc/prometheus/env] owner changed to 992
[2022-05-05T11:30:12+00:00] INFO: directory[/opt/gitlab/etc/prometheus/env] mode changed to 700
[2022-05-05T11:30:12+00:00] INFO: file[/opt/gitlab/etc/prometheus/env/SSL_CERT_DIR] created file /opt/gitlab/etc/prometheus/env/SSL_CERT_DIR
[2022-05-05T11:30:12+00:00] INFO: file[/opt/gitlab/etc/prometheus/env/SSL_CERT_DIR] updated file contents /opt/gitlab/etc/prometheus/env/SSL_CERT_DIR
[2022-05-05T11:30:12+00:00] INFO: directory[/opt/gitlab/sv/prometheus] created directory /opt/gitlab/sv/prometheus
[2022-05-05T11:30:12+00:00] INFO: directory[/opt/gitlab/sv/prometheus] owner changed to 0
[2022-05-05T11:30:12+00:00] INFO: directory[/opt/gitlab/sv/prometheus] group changed to 0
[2022-05-05T11:30:12+00:00] INFO: directory[/opt/gitlab/sv/prometheus] mode changed to 755
[2022-05-05T11:30:12+00:00] INFO: template[/opt/gitlab/sv/prometheus/run] created file /opt/gitlab/sv/prometheus/run
[2022-05-05T11:30:12+00:00] INFO: template[/opt/gitlab/sv/prometheus/run] updated file contents /opt/gitlab/sv/prometheus/run
[2022-05-05T11:30:12+00:00] INFO: template[/opt/gitlab/sv/prometheus/run] owner changed to 0
[2022-05-05T11:30:12+00:00] INFO: template[/opt/gitlab/sv/prometheus/run] group changed to 0
[2022-05-05T11:30:12+00:00] INFO: template[/opt/gitlab/sv/prometheus/run] mode changed to 755
[2022-05-05T11:30:12+00:00] INFO: directory[/opt/gitlab/sv/prometheus/log] created directory /opt/gitlab/sv/prometheus/log
[2022-05-05T11:30:12+00:00] INFO: directory[/opt/gitlab/sv/prometheus/log] owner changed to 0
[2022-05-05T11:30:12+00:00] INFO: directory[/opt/gitlab/sv/prometheus/log] group changed to 0
[2022-05-05T11:30:12+00:00] INFO: directory[/opt/gitlab/sv/prometheus/log] mode changed to 755
[2022-05-05T11:30:12+00:00] INFO: directory[/opt/gitlab/sv/prometheus/log/main] created directory /opt/gitlab/sv/prometheus/log/main
[2022-05-05T11:30:12+00:00] INFO: directory[/opt/gitlab/sv/prometheus/log/main] owner changed to 0
[2022-05-05T11:30:12+00:00] INFO: directory[/opt/gitlab/sv/prometheus/log/main] group changed to 0
[2022-05-05T11:30:12+00:00] INFO: directory[/opt/gitlab/sv/prometheus/log/main] mode changed to 755
[2022-05-05T11:30:12+00:00] INFO: template[/opt/gitlab/sv/prometheus/log/config] created file /opt/gitlab/sv/prometheus/log/config
[2022-05-05T11:30:12+00:00] INFO: template[/opt/gitlab/sv/prometheus/log/config] updated file contents /opt/gitlab/sv/prometheus/log/config
[2022-05-05T11:30:12+00:00] INFO: template[/opt/gitlab/sv/prometheus/log/config] owner changed to 0
[2022-05-05T11:30:12+00:00] INFO: template[/opt/gitlab/sv/prometheus/log/config] group changed to 0
[2022-05-05T11:30:12+00:00] INFO: template[/opt/gitlab/sv/prometheus/log/config] mode changed to 644
[2022-05-05T11:30:12+00:00] INFO: template[/opt/gitlab/sv/prometheus/log/config] sending create action to ruby_block[verify_chown_persisted_on_prometheus] (immediate)
[2022-05-05T11:30:12+00:00] INFO: ruby_block[verify_chown_persisted_on_prometheus] called
[2022-05-05T11:30:12+00:00] INFO: template[/opt/gitlab/sv/prometheus/log/run] created file /opt/gitlab/sv/prometheus/log/run
[2022-05-05T11:30:12+00:00] INFO: template[/opt/gitlab/sv/prometheus/log/run] updated file contents /opt/gitlab/sv/prometheus/log/run
[2022-05-05T11:30:12+00:00] INFO: template[/opt/gitlab/sv/prometheus/log/run] owner changed to 0
[2022-05-05T11:30:12+00:00] INFO: template[/opt/gitlab/sv/prometheus/log/run] group changed to 0
[2022-05-05T11:30:12+00:00] INFO: template[/opt/gitlab/sv/prometheus/log/run] mode changed to 755
[2022-05-05T11:30:12+00:00] INFO: directory[/opt/gitlab/sv/prometheus/env] created directory /opt/gitlab/sv/prometheus/env
[2022-05-05T11:30:12+00:00] INFO: directory[/opt/gitlab/sv/prometheus/env] owner changed to 0
[2022-05-05T11:30:12+00:00] INFO: directory[/opt/gitlab/sv/prometheus/env] group changed to 0
[2022-05-05T11:30:12+00:00] INFO: directory[/opt/gitlab/sv/prometheus/env] mode changed to 755
[2022-05-05T11:30:12+00:00] INFO: directory[/opt/gitlab/sv/prometheus/control] created directory /opt/gitlab/sv/prometheus/control
[2022-05-05T11:30:12+00:00] INFO: directory[/opt/gitlab/sv/prometheus/control] owner changed to 0
[2022-05-05T11:30:12+00:00] INFO: directory[/opt/gitlab/sv/prometheus/control] group changed to 0
[2022-05-05T11:30:12+00:00] INFO: directory[/opt/gitlab/sv/prometheus/control] mode changed to 755
[2022-05-05T11:30:12+00:00] INFO: link[/opt/gitlab/init/prometheus] created
[2022-05-05T11:30:12+00:00] INFO: template[/opt/gitlab/sv/prometheus/run] sending run action to ruby_block[restart_service] (delayed)
[2022-05-05T11:30:12+00:00] INFO: template[/opt/gitlab/sv/prometheus/log/config] sending create action to ruby_block[reload_log_service] (delayed)
[2022-05-05T11:30:13+00:00] INFO: link[/opt/gitlab/service/prometheus] created
[2022-05-05T11:30:15+00:00] INFO: ruby_block[wait for prometheus service socket] called
[2022-05-05T11:30:16+00:00] INFO: ruby_block[reload_log_service] called
[2022-05-05T11:30:16+00:00] INFO: template[/opt/gitlab/sv/prometheus/log/run] sending run action to ruby_block[restart_log_service] (delayed)
[2022-05-05T11:30:18+00:00] INFO: ruby_block[restart_log_service] called
[2022-05-05T11:30:18+00:00] INFO: directory[/opt/gitlab/etc/alertmanager/env] created directory /opt/gitlab/etc/alertmanager/env
[2022-05-05T11:30:18+00:00] INFO: directory[/opt/gitlab/etc/alertmanager/env] owner changed to 992
[2022-05-05T11:30:18+00:00] INFO: directory[/opt/gitlab/etc/alertmanager/env] mode changed to 700
[2022-05-05T11:30:18+00:00] INFO: file[/opt/gitlab/etc/alertmanager/env/SSL_CERT_DIR] created file /opt/gitlab/etc/alertmanager/env/SSL_CERT_DIR
[2022-05-05T11:30:18+00:00] INFO: file[/opt/gitlab/etc/alertmanager/env/SSL_CERT_DIR] updated file contents /opt/gitlab/etc/alertmanager/env/SSL_CERT_DIR
[2022-05-05T11:30:18+00:00] INFO: directory[/opt/gitlab/sv/alertmanager] created directory /opt/gitlab/sv/alertmanager
[2022-05-05T11:30:18+00:00] INFO: directory[/opt/gitlab/sv/alertmanager] owner changed to 0
[2022-05-05T11:30:18+00:00] INFO: directory[/opt/gitlab/sv/alertmanager] group changed to 0
[2022-05-05T11:30:18+00:00] INFO: directory[/opt/gitlab/sv/alertmanager] mode changed to 755
[2022-05-05T11:30:18+00:00] INFO: template[/opt/gitlab/sv/alertmanager/run] created file /opt/gitlab/sv/alertmanager/run
[2022-05-05T11:30:18+00:00] INFO: template[/opt/gitlab/sv/alertmanager/run] updated file contents /opt/gitlab/sv/alertmanager/run
[2022-05-05T11:30:18+00:00] INFO: template[/opt/gitlab/sv/alertmanager/run] owner changed to 0
[2022-05-05T11:30:18+00:00] INFO: template[/opt/gitlab/sv/alertmanager/run] group changed to 0
[2022-05-05T11:30:18+00:00] INFO: template[/opt/gitlab/sv/alertmanager/run] mode changed to 755
[2022-05-05T11:30:18+00:00] INFO: directory[/opt/gitlab/sv/alertmanager/log] created directory /opt/gitlab/sv/alertmanager/log
[2022-05-05T11:30:18+00:00] INFO: directory[/opt/gitlab/sv/alertmanager/log] owner changed to 0
[2022-05-05T11:30:18+00:00] INFO: directory[/opt/gitlab/sv/alertmanager/log] group changed to 0
[2022-05-05T11:30:18+00:00] INFO: directory[/opt/gitlab/sv/alertmanager/log] mode changed to 755
[2022-05-05T11:30:18+00:00] INFO: directory[/opt/gitlab/sv/alertmanager/log/main] created directory /opt/gitlab/sv/alertmanager/log/main
[2022-05-05T11:30:18+00:00] INFO: directory[/opt/gitlab/sv/alertmanager/log/main] owner changed to 0
[2022-05-05T11:30:18+00:00] INFO: directory[/opt/gitlab/sv/alertmanager/log/main] group changed to 0
[2022-05-05T11:30:18+00:00] INFO: directory[/opt/gitlab/sv/alertmanager/log/main] mode changed to 755
[2022-05-05T11:30:18+00:00] INFO: template[/opt/gitlab/sv/alertmanager/log/config] created file /opt/gitlab/sv/alertmanager/log/config
[2022-05-05T11:30:18+00:00] INFO: template[/opt/gitlab/sv/alertmanager/log/config] updated file contents /opt/gitlab/sv/alertmanager/log/config
[2022-05-05T11:30:18+00:00] INFO: template[/opt/gitlab/sv/alertmanager/log/config] owner changed to 0
[2022-05-05T11:30:18+00:00] INFO: template[/opt/gitlab/sv/alertmanager/log/config] group changed to 0
[2022-05-05T11:30:18+00:00] INFO: template[/opt/gitlab/sv/alertmanager/log/config] mode changed to 644
[2022-05-05T11:30:18+00:00] INFO: template[/opt/gitlab/sv/alertmanager/log/config] sending create action to ruby_block[verify_chown_persisted_on_alertmanager] (immediate)
[2022-05-05T11:30:18+00:00] INFO: ruby_block[verify_chown_persisted_on_alertmanager] called
[2022-05-05T11:30:18+00:00] INFO: template[/opt/gitlab/sv/alertmanager/log/run] created file /opt/gitlab/sv/alertmanager/log/run
[2022-05-05T11:30:18+00:00] INFO: template[/opt/gitlab/sv/alertmanager/log/run] updated file contents /opt/gitlab/sv/alertmanager/log/run
[2022-05-05T11:30:18+00:00] INFO: template[/opt/gitlab/sv/alertmanager/log/run] owner changed to 0
[2022-05-05T11:30:18+00:00] INFO: template[/opt/gitlab/sv/alertmanager/log/run] group changed to 0
[2022-05-05T11:30:18+00:00] INFO: template[/opt/gitlab/sv/alertmanager/log/run] mode changed to 755
[2022-05-05T11:30:18+00:00] INFO: directory[/opt/gitlab/sv/alertmanager/env] created directory /opt/gitlab/sv/alertmanager/env
[2022-05-05T11:30:18+00:00] INFO: directory[/opt/gitlab/sv/alertmanager/env] owner changed to 0
[2022-05-05T11:30:18+00:00] INFO: directory[/opt/gitlab/sv/alertmanager/env] group changed to 0
[2022-05-05T11:30:18+00:00] INFO: directory[/opt/gitlab/sv/alertmanager/env] mode changed to 755
[2022-05-05T11:30:18+00:00] INFO: directory[/opt/gitlab/sv/alertmanager/control] created directory /opt/gitlab/sv/alertmanager/control
[2022-05-05T11:30:18+00:00] INFO: directory[/opt/gitlab/sv/alertmanager/control] owner changed to 0
[2022-05-05T11:30:18+00:00] INFO: directory[/opt/gitlab/sv/alertmanager/control] group changed to 0
[2022-05-05T11:30:18+00:00] INFO: directory[/opt/gitlab/sv/alertmanager/control] mode changed to 755
[2022-05-05T11:30:18+00:00] INFO: link[/opt/gitlab/init/alertmanager] created
[2022-05-05T11:30:18+00:00] INFO: template[/opt/gitlab/sv/alertmanager/run] sending run action to ruby_block[restart_service] (delayed)
[2022-05-05T11:30:18+00:00] INFO: template[/opt/gitlab/sv/alertmanager/log/config] sending create action to ruby_block[reload_log_service] (delayed)
[2022-05-05T11:30:19+00:00] INFO: link[/opt/gitlab/service/alertmanager] created
[2022-05-05T11:30:21+00:00] INFO: ruby_block[wait for alertmanager service socket] called
[2022-05-05T11:30:21+00:00] INFO: ruby_block[reload_log_service] called
[2022-05-05T11:30:21+00:00] INFO: template[/opt/gitlab/sv/alertmanager/log/run] sending run action to ruby_block[restart_log_service] (delayed)
[2022-05-05T11:30:52+00:00] INFO: Running queued delayed notifications before re-raising exception
[2022-05-05T11:30:52+00:00] INFO: env_dir[/opt/gitlab/etc/prometheus/env] sending restart action to runit_service[prometheus] (delayed)
[2022-05-05T11:31:05+00:00] INFO: env_dir[/opt/gitlab/etc/alertmanager/env] sending restart action to runit_service[alertmanager] (delayed)
[2022-05-05T11:31:06+00:00] ERROR: Running exception handlers
[2022-05-05T11:31:06+00:00] ERROR: Exception handlers complete
[2022-05-05T11:31:06+00:00] FATAL: Stacktrace dumped to /opt/gitlab/embedded/cookbooks/cache/chef-stacktrace.out
[2022-05-05T11:31:06+00:00] FATAL: Please provide the contents of the stacktrace.out file if you file a bug report
[2022-05-05T11:31:06+00:00] FATAL: Mixlib::ShellOut::ShellCommandFailed: runit_service[alertmanager] (monitoring::alertmanager line 70) had an error: Mixlib::ShellOut::ShellCommandFailed: ruby_block[restart_log_service] (/opt/gitlab/embedded/cookbooks/cache/cookbooks/runit/libraries/provider_runit_service.rb line 66) had an error: Mixlib::ShellOut::ShellCommandFailed: Expected process to exit with [0], but received '1'
---- Begin output of /opt/gitlab/embedded/bin/sv restart /opt/gitlab/service/alertmanager/log ----
STDOUT: timeout: run: /opt/gitlab/service/alertmanager/log: (pid 490) 31s
STDERR: 
---- End output of /opt/gitlab/embedded/bin/sv restart /opt/gitlab/service/alertmanager/log ----
Ran /opt/gitlab/embedded/bin/sv restart /opt/gitlab/service/alertmanager/log returned 1
