# Logfile created on 2022-04-27 07:11:30 +0000 by logger.rb/v1.4.2
[2022-04-27T07:11:31+00:00] INFO: Started Chef Infra Zero at chefzero://localhost:1 with repository at /opt/gitlab/embedded
  One version per cookbook

[2022-04-27T07:11:31+00:00] INFO: *** Chef Infra Client 15.17.4 ***
[2022-04-27T07:11:31+00:00] INFO: Platform: x86_64-linux
[2022-04-27T07:11:31+00:00] INFO: Chef-client pid: 31
[2022-04-27T07:11:33+00:00] INFO: Setting the run_list to ["recipe[gitlab]"] from CLI options
[2022-04-27T07:11:33+00:00] INFO: Run List is [recipe[gitlab]]
[2022-04-27T07:11:33+00:00] INFO: Run List expands to [gitlab]
[2022-04-27T07:11:33+00:00] INFO: Starting Chef Infra Client Run for localhost
[2022-04-27T07:11:33+00:00] INFO: Running start handlers
[2022-04-27T07:11:33+00:00] INFO: Start handlers complete.
[2022-04-27T07:11:34+00:00] INFO: Loading cookbooks [gitlab@0.0.1, package@0.1.0, logrotate@0.1.0, postgresql@0.1.0, redis@0.1.0, monitoring@0.1.0, registry@0.1.0, mattermost@0.1.0, consul@0.1.0, gitaly@0.1.0, praefect@0.1.0, gitlab-kas@0.1.0, gitlab-pages@0.1.0, letsencrypt@0.1.0, nginx@0.1.0, runit@5.1.3, acme@4.1.3, crond@0.1.0]
[2022-04-27T07:11:39+00:00] INFO: Skipped selecting an init system because it was explicitly disabled
[2022-04-27T07:11:42+00:00] WARN: only_if block for templatesymlink[Create a gitlab_pages_secret and create a symlink to Rails root] returned a string, did you mean to run a command?
[2022-04-27T07:11:42+00:00] WARN: only_if block for templatesymlink[Create a gitlab_kas_secret and create a symlink to Rails root] returned a string, did you mean to run a command?
[2022-04-27T07:11:42+00:00] INFO: link[/opt/gitlab/service/logrotate] created
[2022-04-27T07:11:42+00:00] INFO: link[/opt/gitlab/service/redis] created
[2022-04-27T07:11:43+00:00] INFO: link[/opt/gitlab/service/gitaly] created
[2022-04-27T07:11:44+00:00] INFO: link[/opt/gitlab/service/postgresql] created
[2022-04-27T07:11:44+00:00] INFO: file[/opt/gitlab/service/postgresql/log/supervise/status] owner changed to 996
[2022-04-27T07:11:44+00:00] INFO: file[/opt/gitlab/service/postgresql/log/supervise/status] group changed to 996
[2022-04-27T07:11:44+00:00] INFO: file[/opt/gitlab/service/postgresql/log/supervise/status] updated atime and mtime to 2022-04-27 07:11:44 +0000
[2022-04-27T07:11:44+00:00] INFO: link[/opt/gitlab/service/gitlab-kas] created
[2022-04-27T07:11:44+00:00] INFO: link[/opt/gitlab/service/puma] created
[2022-04-27T07:11:44+00:00] INFO: link[/opt/gitlab/service/sidekiq] created
[2022-04-27T07:11:44+00:00] INFO: link[/opt/gitlab/service/gitlab-workhorse] created
[2022-04-27T07:11:45+00:00] INFO: link[/opt/gitlab/service/nginx] created
[2022-04-27T07:11:45+00:00] INFO: link[/opt/gitlab/service/gitlab-exporter] created
[2022-04-27T07:11:45+00:00] INFO: link[/opt/gitlab/service/redis-exporter] created
[2022-04-27T07:11:46+00:00] INFO: link[/opt/gitlab/service/prometheus] created
[2022-04-27T07:11:46+00:00] INFO: link[/opt/gitlab/service/alertmanager] created
[2022-04-27T07:11:46+00:00] INFO: directory[/var/log/gitlab/postgres-exporter] created directory /var/log/gitlab/postgres-exporter
[2022-04-27T07:11:46+00:00] INFO: directory[/var/log/gitlab/postgres-exporter] owner changed to 996
[2022-04-27T07:11:46+00:00] INFO: directory[/var/log/gitlab/postgres-exporter] mode changed to 700
[2022-04-27T07:11:46+00:00] INFO: directory[/var/opt/gitlab/postgres-exporter] created directory /var/opt/gitlab/postgres-exporter
[2022-04-27T07:11:46+00:00] INFO: directory[/var/opt/gitlab/postgres-exporter] owner changed to 996
[2022-04-27T07:11:46+00:00] INFO: directory[/var/opt/gitlab/postgres-exporter] mode changed to 700
[2022-04-27T07:11:46+00:00] INFO: directory[/opt/gitlab/etc/postgres-exporter/env] created directory /opt/gitlab/etc/postgres-exporter/env
[2022-04-27T07:11:46+00:00] INFO: file[/opt/gitlab/etc/postgres-exporter/env/SSL_CERT_DIR] created file /opt/gitlab/etc/postgres-exporter/env/SSL_CERT_DIR
[2022-04-27T07:11:46+00:00] INFO: file[/opt/gitlab/etc/postgres-exporter/env/SSL_CERT_DIR] updated file contents /opt/gitlab/etc/postgres-exporter/env/SSL_CERT_DIR
[2022-04-27T07:11:46+00:00] INFO: file[/opt/gitlab/etc/postgres-exporter/env/DATA_SOURCE_NAME] created file /opt/gitlab/etc/postgres-exporter/env/DATA_SOURCE_NAME
[2022-04-27T07:11:46+00:00] INFO: file[/opt/gitlab/etc/postgres-exporter/env/DATA_SOURCE_NAME] updated file contents /opt/gitlab/etc/postgres-exporter/env/DATA_SOURCE_NAME
[2022-04-27T07:11:46+00:00] INFO: directory[/opt/gitlab/sv/postgres-exporter] created directory /opt/gitlab/sv/postgres-exporter
[2022-04-27T07:11:46+00:00] INFO: directory[/opt/gitlab/sv/postgres-exporter] owner changed to 0
[2022-04-27T07:11:46+00:00] INFO: directory[/opt/gitlab/sv/postgres-exporter] group changed to 0
[2022-04-27T07:11:46+00:00] INFO: directory[/opt/gitlab/sv/postgres-exporter] mode changed to 755
[2022-04-27T07:11:46+00:00] INFO: template[/opt/gitlab/sv/postgres-exporter/run] created file /opt/gitlab/sv/postgres-exporter/run
[2022-04-27T07:11:46+00:00] INFO: template[/opt/gitlab/sv/postgres-exporter/run] updated file contents /opt/gitlab/sv/postgres-exporter/run
[2022-04-27T07:11:46+00:00] INFO: template[/opt/gitlab/sv/postgres-exporter/run] owner changed to 0
[2022-04-27T07:11:46+00:00] INFO: template[/opt/gitlab/sv/postgres-exporter/run] group changed to 0
[2022-04-27T07:11:46+00:00] INFO: template[/opt/gitlab/sv/postgres-exporter/run] mode changed to 755
[2022-04-27T07:11:46+00:00] INFO: directory[/opt/gitlab/sv/postgres-exporter/log] created directory /opt/gitlab/sv/postgres-exporter/log
[2022-04-27T07:11:46+00:00] INFO: directory[/opt/gitlab/sv/postgres-exporter/log] owner changed to 0
[2022-04-27T07:11:46+00:00] INFO: directory[/opt/gitlab/sv/postgres-exporter/log] group changed to 0
[2022-04-27T07:11:46+00:00] INFO: directory[/opt/gitlab/sv/postgres-exporter/log] mode changed to 755
[2022-04-27T07:11:46+00:00] INFO: directory[/opt/gitlab/sv/postgres-exporter/log/main] created directory /opt/gitlab/sv/postgres-exporter/log/main
[2022-04-27T07:11:46+00:00] INFO: directory[/opt/gitlab/sv/postgres-exporter/log/main] owner changed to 0
[2022-04-27T07:11:46+00:00] INFO: directory[/opt/gitlab/sv/postgres-exporter/log/main] group changed to 0
[2022-04-27T07:11:46+00:00] INFO: directory[/opt/gitlab/sv/postgres-exporter/log/main] mode changed to 755
[2022-04-27T07:11:46+00:00] INFO: template[/opt/gitlab/sv/postgres-exporter/log/config] created file /opt/gitlab/sv/postgres-exporter/log/config
[2022-04-27T07:11:46+00:00] INFO: template[/opt/gitlab/sv/postgres-exporter/log/config] updated file contents /opt/gitlab/sv/postgres-exporter/log/config
[2022-04-27T07:11:46+00:00] INFO: template[/opt/gitlab/sv/postgres-exporter/log/config] owner changed to 0
[2022-04-27T07:11:46+00:00] INFO: template[/opt/gitlab/sv/postgres-exporter/log/config] group changed to 0
[2022-04-27T07:11:46+00:00] INFO: template[/opt/gitlab/sv/postgres-exporter/log/config] mode changed to 644
[2022-04-27T07:11:46+00:00] INFO: template[/opt/gitlab/sv/postgres-exporter/log/config] sending create action to ruby_block[verify_chown_persisted_on_postgres-exporter] (immediate)
[2022-04-27T07:11:46+00:00] INFO: ruby_block[verify_chown_persisted_on_postgres-exporter] called
[2022-04-27T07:11:46+00:00] INFO: link[/var/log/gitlab/postgres-exporter/config] created
[2022-04-27T07:11:46+00:00] INFO: template[/opt/gitlab/sv/postgres-exporter/log/run] created file /opt/gitlab/sv/postgres-exporter/log/run
[2022-04-27T07:11:46+00:00] INFO: template[/opt/gitlab/sv/postgres-exporter/log/run] updated file contents /opt/gitlab/sv/postgres-exporter/log/run
[2022-04-27T07:11:46+00:00] INFO: template[/opt/gitlab/sv/postgres-exporter/log/run] owner changed to 0
[2022-04-27T07:11:46+00:00] INFO: template[/opt/gitlab/sv/postgres-exporter/log/run] group changed to 0
[2022-04-27T07:11:46+00:00] INFO: template[/opt/gitlab/sv/postgres-exporter/log/run] mode changed to 755
[2022-04-27T07:11:46+00:00] INFO: directory[/opt/gitlab/sv/postgres-exporter/env] created directory /opt/gitlab/sv/postgres-exporter/env
[2022-04-27T07:11:46+00:00] INFO: directory[/opt/gitlab/sv/postgres-exporter/env] owner changed to 0
[2022-04-27T07:11:46+00:00] INFO: directory[/opt/gitlab/sv/postgres-exporter/env] group changed to 0
[2022-04-27T07:11:46+00:00] INFO: directory[/opt/gitlab/sv/postgres-exporter/env] mode changed to 755
[2022-04-27T07:11:46+00:00] INFO: directory[/opt/gitlab/sv/postgres-exporter/control] created directory /opt/gitlab/sv/postgres-exporter/control
[2022-04-27T07:11:46+00:00] INFO: directory[/opt/gitlab/sv/postgres-exporter/control] owner changed to 0
[2022-04-27T07:11:46+00:00] INFO: directory[/opt/gitlab/sv/postgres-exporter/control] group changed to 0
[2022-04-27T07:11:46+00:00] INFO: directory[/opt/gitlab/sv/postgres-exporter/control] mode changed to 755
[2022-04-27T07:11:46+00:00] INFO: link[/opt/gitlab/init/postgres-exporter] created
[2022-04-27T07:11:46+00:00] INFO: template[/opt/gitlab/sv/postgres-exporter/run] sending run action to ruby_block[restart_service] (delayed)
[2022-04-27T07:11:46+00:00] INFO: template[/opt/gitlab/sv/postgres-exporter/log/config] sending create action to ruby_block[reload_log_service] (delayed)
[2022-04-27T07:11:46+00:00] INFO: link[/opt/gitlab/service/postgres-exporter] created
[2022-04-27T07:11:47+00:00] INFO: ruby_block[wait for postgres-exporter service socket] called
[2022-04-27T07:11:47+00:00] INFO: ruby_block[reload_log_service] called
[2022-04-27T07:11:47+00:00] INFO: template[/opt/gitlab/sv/postgres-exporter/log/run] sending run action to ruby_block[restart_log_service] (delayed)
[2022-04-27T07:11:50+00:00] INFO: ruby_block[restart_log_service] called
[2022-04-27T07:11:50+00:00] INFO: template[/var/opt/gitlab/postgres-exporter/queries.yaml] created file /var/opt/gitlab/postgres-exporter/queries.yaml
[2022-04-27T07:11:50+00:00] INFO: template[/var/opt/gitlab/postgres-exporter/queries.yaml] updated file contents /var/opt/gitlab/postgres-exporter/queries.yaml
[2022-04-27T07:11:50+00:00] INFO: template[/var/opt/gitlab/postgres-exporter/queries.yaml] owner changed to 996
[2022-04-27T07:11:50+00:00] INFO: template[/var/opt/gitlab/postgres-exporter/queries.yaml] mode changed to 644
[2022-04-27T07:11:50+00:00] INFO: template[/var/opt/gitlab/postgres-exporter/queries.yaml] not queuing delayed action restart on runit_service[postgres-exporter] (delayed), as it's already been queued
[2022-04-27T07:11:50+00:00] INFO: directory[/var/log/gitlab/grafana] created directory /var/log/gitlab/grafana
[2022-04-27T07:11:50+00:00] INFO: directory[/var/log/gitlab/grafana] owner changed to 992
[2022-04-27T07:11:50+00:00] INFO: directory[/var/log/gitlab/grafana] mode changed to 700
[2022-04-27T07:11:50+00:00] INFO: directory[/var/opt/gitlab/grafana] created directory /var/opt/gitlab/grafana
[2022-04-27T07:11:50+00:00] INFO: directory[/var/opt/gitlab/grafana] owner changed to 992
[2022-04-27T07:11:50+00:00] INFO: directory[/var/opt/gitlab/grafana] mode changed to 700
[2022-04-27T07:11:50+00:00] INFO: directory[/var/opt/gitlab/grafana/provisioning] created directory /var/opt/gitlab/grafana/provisioning
[2022-04-27T07:11:50+00:00] INFO: directory[/var/opt/gitlab/grafana/provisioning] owner changed to 992
[2022-04-27T07:11:50+00:00] INFO: directory[/var/opt/gitlab/grafana/provisioning] mode changed to 700
[2022-04-27T07:11:50+00:00] INFO: directory[/var/opt/gitlab/grafana/provisioning/dashboards] created directory /var/opt/gitlab/grafana/provisioning/dashboards
[2022-04-27T07:11:50+00:00] INFO: directory[/var/opt/gitlab/grafana/provisioning/dashboards] owner changed to 992
[2022-04-27T07:11:50+00:00] INFO: directory[/var/opt/gitlab/grafana/provisioning/dashboards] mode changed to 700
[2022-04-27T07:11:50+00:00] INFO: directory[/var/opt/gitlab/grafana/provisioning/datasources] created directory /var/opt/gitlab/grafana/provisioning/datasources
[2022-04-27T07:11:50+00:00] INFO: directory[/var/opt/gitlab/grafana/provisioning/datasources] owner changed to 992
[2022-04-27T07:11:50+00:00] INFO: directory[/var/opt/gitlab/grafana/provisioning/datasources] mode changed to 700
[2022-04-27T07:11:50+00:00] INFO: directory[/var/opt/gitlab/grafana/provisioning/notifiers] created directory /var/opt/gitlab/grafana/provisioning/notifiers
[2022-04-27T07:11:50+00:00] INFO: directory[/var/opt/gitlab/grafana/provisioning/notifiers] owner changed to 992
[2022-04-27T07:11:50+00:00] INFO: directory[/var/opt/gitlab/grafana/provisioning/notifiers] mode changed to 700
[2022-04-27T07:11:50+00:00] INFO: link[/var/opt/gitlab/grafana/conf] created
[2022-04-27T07:11:50+00:00] INFO: link[/var/opt/gitlab/grafana/public] created
[2022-04-27T07:11:50+00:00] INFO: directory[/opt/gitlab/etc/grafana/env] created directory /opt/gitlab/etc/grafana/env
[2022-04-27T07:11:50+00:00] INFO: directory[/opt/gitlab/etc/grafana/env] owner changed to 992
[2022-04-27T07:11:50+00:00] INFO: directory[/opt/gitlab/etc/grafana/env] mode changed to 700
[2022-04-27T07:11:50+00:00] WARN: Connecting to GitLab to generate new app_id and app_secret for GitLab Grafana.
[2022-04-27T07:17:00+00:00] INFO: Updated the gitlab-secrets.json file.
[2022-04-27T07:17:00+00:00] INFO: ruby_block[authorize Grafana with GitLab] called
[2022-04-27T07:17:00+00:00] INFO: ruby_block[populate Grafana configuration options] called
[2022-04-27T07:17:00+00:00] INFO: file[/opt/gitlab/etc/grafana/env/SSL_CERT_DIR] created file /opt/gitlab/etc/grafana/env/SSL_CERT_DIR
[2022-04-27T07:17:00+00:00] INFO: file[/opt/gitlab/etc/grafana/env/SSL_CERT_DIR] updated file contents /opt/gitlab/etc/grafana/env/SSL_CERT_DIR
[2022-04-27T07:17:00+00:00] INFO: template[/var/opt/gitlab/grafana/grafana.ini] created file /var/opt/gitlab/grafana/grafana.ini
[2022-04-27T07:17:00+00:00] INFO: template[/var/opt/gitlab/grafana/grafana.ini] updated file contents /var/opt/gitlab/grafana/grafana.ini
[2022-04-27T07:17:00+00:00] INFO: template[/var/opt/gitlab/grafana/grafana.ini] owner changed to 992
[2022-04-27T07:17:00+00:00] INFO: template[/var/opt/gitlab/grafana/grafana.ini] mode changed to 644
[2022-04-27T07:17:00+00:00] INFO: template[/var/opt/gitlab/grafana/grafana.ini] not queuing delayed action restart on runit_service[grafana] (delayed), as it's already been queued
[2022-04-27T07:17:00+00:00] INFO: file[/var/opt/gitlab/grafana/provisioning/dashboards/gitlab_dashboards.yml] created file /var/opt/gitlab/grafana/provisioning/dashboards/gitlab_dashboards.yml
[2022-04-27T07:17:00+00:00] INFO: file[/var/opt/gitlab/grafana/provisioning/dashboards/gitlab_dashboards.yml] updated file contents /var/opt/gitlab/grafana/provisioning/dashboards/gitlab_dashboards.yml
[2022-04-27T07:17:00+00:00] INFO: file[/var/opt/gitlab/grafana/provisioning/dashboards/gitlab_dashboards.yml] owner changed to 992
[2022-04-27T07:17:00+00:00] INFO: file[/var/opt/gitlab/grafana/provisioning/dashboards/gitlab_dashboards.yml] mode changed to 644
[2022-04-27T07:17:00+00:00] INFO: file[/var/opt/gitlab/grafana/provisioning/dashboards/gitlab_dashboards.yml] not queuing delayed action restart on runit_service[grafana] (delayed), as it's already been queued
[2022-04-27T07:17:00+00:00] INFO: file[/var/opt/gitlab/grafana/provisioning/datasources/gitlab_datasources.yml] created file /var/opt/gitlab/grafana/provisioning/datasources/gitlab_datasources.yml
[2022-04-27T07:17:00+00:00] INFO: file[/var/opt/gitlab/grafana/provisioning/datasources/gitlab_datasources.yml] updated file contents /var/opt/gitlab/grafana/provisioning/datasources/gitlab_datasources.yml
[2022-04-27T07:17:00+00:00] INFO: file[/var/opt/gitlab/grafana/provisioning/datasources/gitlab_datasources.yml] owner changed to 992
[2022-04-27T07:17:00+00:00] INFO: file[/var/opt/gitlab/grafana/provisioning/datasources/gitlab_datasources.yml] mode changed to 644
[2022-04-27T07:17:00+00:00] INFO: file[/var/opt/gitlab/grafana/provisioning/datasources/gitlab_datasources.yml] not queuing delayed action restart on runit_service[grafana] (delayed), as it's already been queued
[2022-04-27T07:17:00+00:00] INFO: directory[/opt/gitlab/sv/grafana] created directory /opt/gitlab/sv/grafana
[2022-04-27T07:17:00+00:00] INFO: directory[/opt/gitlab/sv/grafana] owner changed to 0
[2022-04-27T07:17:00+00:00] INFO: directory[/opt/gitlab/sv/grafana] group changed to 0
[2022-04-27T07:17:00+00:00] INFO: directory[/opt/gitlab/sv/grafana] mode changed to 755
[2022-04-27T07:17:00+00:00] INFO: template[/opt/gitlab/sv/grafana/run] created file /opt/gitlab/sv/grafana/run
[2022-04-27T07:17:00+00:00] INFO: template[/opt/gitlab/sv/grafana/run] updated file contents /opt/gitlab/sv/grafana/run
[2022-04-27T07:17:00+00:00] INFO: template[/opt/gitlab/sv/grafana/run] owner changed to 0
[2022-04-27T07:17:00+00:00] INFO: template[/opt/gitlab/sv/grafana/run] group changed to 0
[2022-04-27T07:17:00+00:00] INFO: template[/opt/gitlab/sv/grafana/run] mode changed to 755
[2022-04-27T07:17:00+00:00] INFO: directory[/opt/gitlab/sv/grafana/log] created directory /opt/gitlab/sv/grafana/log
[2022-04-27T07:17:00+00:00] INFO: directory[/opt/gitlab/sv/grafana/log] owner changed to 0
[2022-04-27T07:17:00+00:00] INFO: directory[/opt/gitlab/sv/grafana/log] group changed to 0
[2022-04-27T07:17:00+00:00] INFO: directory[/opt/gitlab/sv/grafana/log] mode changed to 755
[2022-04-27T07:17:00+00:00] INFO: directory[/opt/gitlab/sv/grafana/log/main] created directory /opt/gitlab/sv/grafana/log/main
[2022-04-27T07:17:00+00:00] INFO: directory[/opt/gitlab/sv/grafana/log/main] owner changed to 0
[2022-04-27T07:17:00+00:00] INFO: directory[/opt/gitlab/sv/grafana/log/main] group changed to 0
[2022-04-27T07:17:00+00:00] INFO: directory[/opt/gitlab/sv/grafana/log/main] mode changed to 755
[2022-04-27T07:17:00+00:00] INFO: template[/opt/gitlab/sv/grafana/log/config] created file /opt/gitlab/sv/grafana/log/config
[2022-04-27T07:17:00+00:00] INFO: template[/opt/gitlab/sv/grafana/log/config] updated file contents /opt/gitlab/sv/grafana/log/config
[2022-04-27T07:17:00+00:00] INFO: template[/opt/gitlab/sv/grafana/log/config] owner changed to 0
[2022-04-27T07:17:00+00:00] INFO: template[/opt/gitlab/sv/grafana/log/config] group changed to 0
[2022-04-27T07:17:00+00:00] INFO: template[/opt/gitlab/sv/grafana/log/config] mode changed to 644
[2022-04-27T07:17:00+00:00] INFO: template[/opt/gitlab/sv/grafana/log/config] sending create action to ruby_block[verify_chown_persisted_on_grafana] (immediate)
[2022-04-27T07:17:00+00:00] INFO: ruby_block[verify_chown_persisted_on_grafana] called
[2022-04-27T07:17:00+00:00] INFO: link[/var/log/gitlab/grafana/config] created
[2022-04-27T07:17:00+00:00] INFO: template[/opt/gitlab/sv/grafana/log/run] created file /opt/gitlab/sv/grafana/log/run
[2022-04-27T07:17:00+00:00] INFO: template[/opt/gitlab/sv/grafana/log/run] updated file contents /opt/gitlab/sv/grafana/log/run
[2022-04-27T07:17:00+00:00] INFO: template[/opt/gitlab/sv/grafana/log/run] owner changed to 0
[2022-04-27T07:17:00+00:00] INFO: template[/opt/gitlab/sv/grafana/log/run] group changed to 0
[2022-04-27T07:17:00+00:00] INFO: template[/opt/gitlab/sv/grafana/log/run] mode changed to 755
[2022-04-27T07:17:00+00:00] INFO: directory[/opt/gitlab/sv/grafana/env] created directory /opt/gitlab/sv/grafana/env
[2022-04-27T07:17:00+00:00] INFO: directory[/opt/gitlab/sv/grafana/env] owner changed to 0
[2022-04-27T07:17:00+00:00] INFO: directory[/opt/gitlab/sv/grafana/env] group changed to 0
[2022-04-27T07:17:00+00:00] INFO: directory[/opt/gitlab/sv/grafana/env] mode changed to 755
[2022-04-27T07:17:00+00:00] INFO: directory[/opt/gitlab/sv/grafana/control] created directory /opt/gitlab/sv/grafana/control
[2022-04-27T07:17:00+00:00] INFO: directory[/opt/gitlab/sv/grafana/control] owner changed to 0
[2022-04-27T07:17:00+00:00] INFO: directory[/opt/gitlab/sv/grafana/control] group changed to 0
[2022-04-27T07:17:00+00:00] INFO: directory[/opt/gitlab/sv/grafana/control] mode changed to 755
[2022-04-27T07:17:00+00:00] INFO: link[/opt/gitlab/init/grafana] created
[2022-04-27T07:17:00+00:00] INFO: template[/opt/gitlab/sv/grafana/run] sending run action to ruby_block[restart_service] (delayed)
[2022-04-27T07:17:00+00:00] INFO: template[/opt/gitlab/sv/grafana/log/config] sending create action to ruby_block[reload_log_service] (delayed)
[2022-04-27T07:17:01+00:00] INFO: link[/opt/gitlab/service/grafana] created
[2022-04-27T07:17:05+00:00] INFO: ruby_block[wait for grafana service socket] called
[2022-04-27T07:17:07+00:00] INFO: ruby_block[reload_log_service] called
[2022-04-27T07:17:07+00:00] INFO: template[/opt/gitlab/sv/grafana/log/run] sending run action to ruby_block[restart_log_service] (delayed)
[2022-04-27T07:17:09+00:00] INFO: ruby_block[restart_log_service] called
[2022-04-27T07:17:09+00:00] INFO: env_dir[/opt/gitlab/etc/postgres-exporter/env] sending restart action to runit_service[postgres-exporter] (delayed)
[2022-04-27T07:17:10+00:00] INFO: env_dir[/opt/gitlab/etc/grafana/env] sending restart action to runit_service[grafana] (delayed)
[2022-04-27T07:17:11+00:00] INFO: Chef Infra Client Run complete in 338.156081932 seconds
[2022-04-27T07:17:11+00:00] INFO: Running report handlers
[2022-04-27T07:17:11+00:00] INFO: Report handlers complete
[2022-04-27T07:17:11+00:00] WARN: This release of Chef Infra Client became end of life (EOL) on May 1st 2021. Please update to a supported release to receive new features, bug fixes, and security updates.
