# Logfile created on 2022-05-20 09:29:53 +0000 by logger.rb/v1.4.2
[2022-05-20T09:30:00+00:00] INFO: Started Chef Infra Zero at chefzero://localhost:1 with repository at /opt/gitlab/embedded
  One version per cookbook

[2022-05-20T09:30:01+00:00] INFO: *** Chef Infra Client 15.17.4 ***
[2022-05-20T09:30:01+00:00] INFO: Platform: x86_64-linux
[2022-05-20T09:30:01+00:00] INFO: Chef-client pid: 38
[2022-05-20T09:30:07+00:00] INFO: Setting the run_list to ["recipe[gitlab]"] from CLI options
[2022-05-20T09:30:07+00:00] INFO: Run List is [recipe[gitlab]]
[2022-05-20T09:30:07+00:00] INFO: Run List expands to [gitlab]
[2022-05-20T09:30:07+00:00] INFO: Starting Chef Infra Client Run for gitlab.les.at-consulting.ru
[2022-05-20T09:30:07+00:00] INFO: Running start handlers
[2022-05-20T09:30:07+00:00] INFO: Start handlers complete.
[2022-05-20T09:30:24+00:00] INFO: Loading cookbooks [gitlab@0.0.1, package@0.1.0, logrotate@0.1.0, postgresql@0.1.0, redis@0.1.0, monitoring@0.1.0, registry@0.1.0, mattermost@0.1.0, consul@0.1.0, gitaly@0.1.0, praefect@0.1.0, gitlab-kas@0.1.0, gitlab-pages@0.1.0, letsencrypt@0.1.0, nginx@0.1.0, runit@5.1.3, acme@4.1.3, crond@0.1.0]
[2022-05-20T09:30:43+00:00] INFO: Skipped selecting an init system because it was explicitly disabled
[2022-05-20T09:30:45+00:00] WARN: only_if block for file[/var/opt/gitlab/gitlab-rails/etc/gitlab-registry.key] returned a string, did you mean to run a command?
[2022-05-20T09:30:45+00:00] WARN: only_if block for templatesymlink[Create a gitlab_pages_secret and create a symlink to Rails root] returned a string, did you mean to run a command?
[2022-05-20T09:30:45+00:00] WARN: only_if block for templatesymlink[Create a gitlab_kas_secret and create a symlink to Rails root] returned a string, did you mean to run a command?
[2022-05-20T09:30:46+00:00] INFO: link[/opt/gitlab/service/logrotate] created
[2022-05-20T09:30:46+00:00] INFO: link[/opt/gitlab/service/redis] created
[2022-05-20T09:30:46+00:00] INFO: link[/opt/gitlab/service/gitaly] created
[2022-05-20T09:31:25+00:00] INFO: link[/opt/gitlab/service/postgresql] created
[2022-05-20T09:31:25+00:00] INFO: file[/opt/gitlab/service/postgresql/supervise/status] owner changed to 996
[2022-05-20T09:31:25+00:00] INFO: file[/opt/gitlab/service/postgresql/supervise/status] group changed to 996
[2022-05-20T09:31:25+00:00] INFO: file[/opt/gitlab/service/postgresql/supervise/status] updated atime and mtime to 2022-05-20 09:31:25 +0000
[2022-05-20T09:31:25+00:00] INFO: file[/opt/gitlab/service/postgresql/log/supervise/status] owner changed to 996
[2022-05-20T09:31:25+00:00] INFO: file[/opt/gitlab/service/postgresql/log/supervise/status] group changed to 996
[2022-05-20T09:31:25+00:00] INFO: file[/opt/gitlab/service/postgresql/log/supervise/status] updated atime and mtime to 2022-05-20 09:31:25 +0000
[2022-05-20T09:31:45+00:00] INFO: link[/opt/gitlab/service/gitlab-kas] created
[2022-05-20T09:31:45+00:00] INFO: link[/opt/gitlab/service/crond] created
[2022-05-20T09:31:46+00:00] INFO: link[/opt/gitlab/service/puma] created
[2022-05-20T09:31:47+00:00] INFO: link[/opt/gitlab/service/sidekiq] created
[2022-05-20T09:31:47+00:00] INFO: link[/opt/gitlab/service/gitlab-workhorse] created
[2022-05-20T09:32:26+00:00] INFO: link[/opt/gitlab/service/nginx] created
[2022-05-20T09:32:27+00:00] INFO: link[/opt/gitlab/service/registry] created
[2022-05-20T09:32:57+00:00] INFO: ruby_block[populate mattermost configuration options] called
[2022-05-20T09:33:00+00:00] INFO: link[/opt/gitlab/service/mattermost] created
[2022-05-20T09:33:04+00:00] INFO: file[/var/opt/gitlab/nginx/www/.well-known/acme-challenge/F2OVD4UzHwheq5ycdldV0NvGon2LFgvHDZpFKJVHGTQ] created file /var/opt/gitlab/nginx/www/.well-known/acme-challenge/F2OVD4UzHwheq5ycdldV0NvGon2LFgvHDZpFKJVHGTQ
[2022-05-20T09:33:04+00:00] INFO: file[/var/opt/gitlab/nginx/www/.well-known/acme-challenge/F2OVD4UzHwheq5ycdldV0NvGon2LFgvHDZpFKJVHGTQ] updated file contents /var/opt/gitlab/nginx/www/.well-known/acme-challenge/F2OVD4UzHwheq5ycdldV0NvGon2LFgvHDZpFKJVHGTQ
[2022-05-20T09:33:04+00:00] INFO: file[/var/opt/gitlab/nginx/www/.well-known/acme-challenge/F2OVD4UzHwheq5ycdldV0NvGon2LFgvHDZpFKJVHGTQ] owner changed to 0
[2022-05-20T09:33:04+00:00] INFO: file[/var/opt/gitlab/nginx/www/.well-known/acme-challenge/F2OVD4UzHwheq5ycdldV0NvGon2LFgvHDZpFKJVHGTQ] group changed to 0
[2022-05-20T09:33:04+00:00] INFO: file[/var/opt/gitlab/nginx/www/.well-known/acme-challenge/F2OVD4UzHwheq5ycdldV0NvGon2LFgvHDZpFKJVHGTQ] mode changed to 644
[2022-05-20T09:33:06+00:00] INFO: file[/var/opt/gitlab/nginx/www/.well-known/acme-challenge/vknDGrzatP5tUYHxxR5ECrLcfwUJsTannFdN0HhGLcM] created file /var/opt/gitlab/nginx/www/.well-known/acme-challenge/vknDGrzatP5tUYHxxR5ECrLcfwUJsTannFdN0HhGLcM
[2022-05-20T09:33:06+00:00] INFO: file[/var/opt/gitlab/nginx/www/.well-known/acme-challenge/vknDGrzatP5tUYHxxR5ECrLcfwUJsTannFdN0HhGLcM] updated file contents /var/opt/gitlab/nginx/www/.well-known/acme-challenge/vknDGrzatP5tUYHxxR5ECrLcfwUJsTannFdN0HhGLcM
[2022-05-20T09:33:06+00:00] INFO: file[/var/opt/gitlab/nginx/www/.well-known/acme-challenge/vknDGrzatP5tUYHxxR5ECrLcfwUJsTannFdN0HhGLcM] owner changed to 0
[2022-05-20T09:33:06+00:00] INFO: file[/var/opt/gitlab/nginx/www/.well-known/acme-challenge/vknDGrzatP5tUYHxxR5ECrLcfwUJsTannFdN0HhGLcM] group changed to 0
[2022-05-20T09:33:06+00:00] INFO: file[/var/opt/gitlab/nginx/www/.well-known/acme-challenge/vknDGrzatP5tUYHxxR5ECrLcfwUJsTannFdN0HhGLcM] mode changed to 644
[2022-05-20T09:33:08+00:00] INFO: file[/var/opt/gitlab/nginx/www/.well-known/acme-challenge/F2OVD4UzHwheq5ycdldV0NvGon2LFgvHDZpFKJVHGTQ] deleted file at /var/opt/gitlab/nginx/www/.well-known/acme-challenge/F2OVD4UzHwheq5ycdldV0NvGon2LFgvHDZpFKJVHGTQ
[2022-05-20T09:33:08+00:00] INFO: file[/var/opt/gitlab/nginx/www/.well-known/acme-challenge/vknDGrzatP5tUYHxxR5ECrLcfwUJsTannFdN0HhGLcM] deleted file at /var/opt/gitlab/nginx/www/.well-known/acme-challenge/vknDGrzatP5tUYHxxR5ECrLcfwUJsTannFdN0HhGLcM
[2022-05-20T09:33:08+00:00] INFO: Running queued delayed notifications before re-raising exception
[2022-05-20T09:33:08+00:00] INFO: Running queued delayed notifications before re-raising exception
[2022-05-20T09:33:08+00:00] INFO: Running queued delayed notifications before re-raising exception
[2022-05-20T09:33:08+00:00] ERROR: Running exception handlers
[2022-05-20T09:33:08+00:00] ERROR: Exception handlers complete
[2022-05-20T09:33:09+00:00] FATAL: Stacktrace dumped to /opt/gitlab/embedded/cookbooks/cache/chef-stacktrace.out
[2022-05-20T09:33:09+00:00] FATAL: Please provide the contents of the stacktrace.out file if you file a bug report
[2022-05-20T09:33:09+00:00] FATAL: RuntimeError: letsencrypt_certificate[gitlab.les.at-consulting.ru] (letsencrypt::http_authorization line 6) had an error: RuntimeError: acme_certificate[staging] (/opt/gitlab/embedded/cookbooks/cache/cookbooks/letsencrypt/resources/certificate.rb line 41) had an error: RuntimeError: ruby_block[create certificate for gitlab.les.at-consulting.ru] (/opt/gitlab/embedded/cookbooks/cache/cookbooks/acme/resources/certificate.rb line 108) had an error: RuntimeError: [gitlab.les.at-consulting.ru] Validation failed, unable to request certificate, Errors: [{url: https://acme-staging-v02.api.letsencrypt.org/acme/chall-v3/2492634574/3tUXLw, status: invalid, error: {"type"=>"urn:ietf:params:acme:error:dns", "detail"=>"DNS problem: NXDOMAIN looking up A for gitlab.les.at-consulting.ru - check that a DNS record exists for this domain; DNS problem: NXDOMAIN looking up AAAA for gitlab.les.at-consulting.ru - check that a DNS record exists for this domain", "status"=>400}} {url: https://acme-staging-v02.api.letsencrypt.org/acme/chall-v3/2492634584/G2ye3g, status: invalid, error: {"type"=>"urn:ietf:params:acme:error:dns", "detail"=>"DNS problem: NXDOMAIN looking up A for mattermost.les.at-consulting.ru - check that a DNS record exists for this domain; DNS problem: NXDOMAIN looking up AAAA for mattermost.les.at-consulting.ru - check that a DNS record exists for this domain", "status"=>400}} ]
