# Logfile created on 2022-05-26 14:12:12 +0000 by logger.rb/v1.4.2
[2022-05-26T14:12:13+00:00] INFO: Started Chef Infra Zero at chefzero://localhost:1 with repository at /opt/gitlab/embedded
  One version per cookbook

[2022-05-26T14:12:13+00:00] INFO: *** Chef Infra Client 15.17.4 ***
[2022-05-26T14:12:13+00:00] INFO: Platform: x86_64-linux
[2022-05-26T14:12:13+00:00] INFO: Chef-client pid: 32
[2022-05-26T14:12:15+00:00] INFO: Setting the run_list to ["recipe[gitlab]"] from CLI options
[2022-05-26T14:12:15+00:00] INFO: Run List is [recipe[gitlab]]
[2022-05-26T14:12:15+00:00] INFO: Run List expands to [gitlab]
[2022-05-26T14:12:15+00:00] INFO: Starting Chef Infra Client Run for gitlab.les.at-consulting.ru
[2022-05-26T14:12:15+00:00] INFO: Running start handlers
[2022-05-26T14:12:15+00:00] INFO: Start handlers complete.
[2022-05-26T14:12:16+00:00] INFO: Loading cookbooks [gitlab@0.0.1, package@0.1.0, logrotate@0.1.0, postgresql@0.1.0, redis@0.1.0, monitoring@0.1.0, registry@0.1.0, mattermost@0.1.0, consul@0.1.0, gitaly@0.1.0, praefect@0.1.0, gitlab-kas@0.1.0, gitlab-pages@0.1.0, letsencrypt@0.1.0, nginx@0.1.0, runit@5.1.3, acme@4.1.3, crond@0.1.0]
[2022-05-26T14:12:20+00:00] INFO: Skipped selecting an init system because it was explicitly disabled
[2022-05-26T14:12:22+00:00] WARN: only_if block for file[/var/opt/gitlab/gitlab-rails/etc/gitlab-registry.key] returned a string, did you mean to run a command?
[2022-05-26T14:12:22+00:00] WARN: only_if block for templatesymlink[Create a gitlab_pages_secret and create a symlink to Rails root] returned a string, did you mean to run a command?
[2022-05-26T14:12:22+00:00] WARN: only_if block for templatesymlink[Create a gitlab_kas_secret and create a symlink to Rails root] returned a string, did you mean to run a command?
[2022-05-26T14:12:23+00:00] INFO: link[/opt/gitlab/service/logrotate] created
[2022-05-26T14:12:23+00:00] INFO: link[/opt/gitlab/service/redis] created
[2022-05-26T14:12:23+00:00] INFO: link[/opt/gitlab/service/gitaly] created
[2022-05-26T14:12:24+00:00] INFO: link[/opt/gitlab/service/postgresql] created
[2022-05-26T14:12:24+00:00] INFO: file[/opt/gitlab/service/postgresql/log/supervise/status] owner changed to 996
[2022-05-26T14:12:24+00:00] INFO: file[/opt/gitlab/service/postgresql/log/supervise/status] group changed to 996
[2022-05-26T14:12:24+00:00] INFO: file[/opt/gitlab/service/postgresql/log/supervise/status] updated atime and mtime to 2022-05-26 14:12:24 +0000
[2022-05-26T14:12:24+00:00] INFO: link[/opt/gitlab/service/gitlab-kas] created
[2022-05-26T14:12:24+00:00] INFO: link[/opt/gitlab/service/crond] created
[2022-05-26T14:12:24+00:00] INFO: link[/opt/gitlab/service/puma] created
[2022-05-26T14:12:24+00:00] INFO: link[/opt/gitlab/service/sidekiq] created
[2022-05-26T14:12:25+00:00] INFO: link[/opt/gitlab/service/gitlab-workhorse] created
[2022-05-26T14:12:25+00:00] INFO: link[/opt/gitlab/service/nginx] created
[2022-05-26T14:12:25+00:00] INFO: link[/opt/gitlab/service/registry] created
[2022-05-26T14:12:29+00:00] INFO: file[/var/opt/gitlab/nginx/www/.well-known/acme-challenge/1D38_lIGMqg9g4c0KzQAdDhTvWJQrlAnoZksb_HTD1k] created file /var/opt/gitlab/nginx/www/.well-known/acme-challenge/1D38_lIGMqg9g4c0KzQAdDhTvWJQrlAnoZksb_HTD1k
[2022-05-26T14:12:29+00:00] INFO: file[/var/opt/gitlab/nginx/www/.well-known/acme-challenge/1D38_lIGMqg9g4c0KzQAdDhTvWJQrlAnoZksb_HTD1k] updated file contents /var/opt/gitlab/nginx/www/.well-known/acme-challenge/1D38_lIGMqg9g4c0KzQAdDhTvWJQrlAnoZksb_HTD1k
[2022-05-26T14:12:29+00:00] INFO: file[/var/opt/gitlab/nginx/www/.well-known/acme-challenge/1D38_lIGMqg9g4c0KzQAdDhTvWJQrlAnoZksb_HTD1k] owner changed to 0
[2022-05-26T14:12:29+00:00] INFO: file[/var/opt/gitlab/nginx/www/.well-known/acme-challenge/1D38_lIGMqg9g4c0KzQAdDhTvWJQrlAnoZksb_HTD1k] group changed to 0
[2022-05-26T14:12:29+00:00] INFO: file[/var/opt/gitlab/nginx/www/.well-known/acme-challenge/1D38_lIGMqg9g4c0KzQAdDhTvWJQrlAnoZksb_HTD1k] mode changed to 644
[2022-05-26T14:12:31+00:00] INFO: file[/var/opt/gitlab/nginx/www/.well-known/acme-challenge/1D38_lIGMqg9g4c0KzQAdDhTvWJQrlAnoZksb_HTD1k] deleted file at /var/opt/gitlab/nginx/www/.well-known/acme-challenge/1D38_lIGMqg9g4c0KzQAdDhTvWJQrlAnoZksb_HTD1k
[2022-05-26T14:12:31+00:00] INFO: Running queued delayed notifications before re-raising exception
[2022-05-26T14:12:31+00:00] INFO: Running queued delayed notifications before re-raising exception
[2022-05-26T14:12:31+00:00] INFO: Running queued delayed notifications before re-raising exception
[2022-05-26T14:12:31+00:00] ERROR: Running exception handlers
[2022-05-26T14:12:31+00:00] ERROR: Exception handlers complete
[2022-05-26T14:12:31+00:00] FATAL: Stacktrace dumped to /opt/gitlab/embedded/cookbooks/cache/chef-stacktrace.out
[2022-05-26T14:12:31+00:00] FATAL: Please provide the contents of the stacktrace.out file if you file a bug report
[2022-05-26T14:12:31+00:00] FATAL: RuntimeError: letsencrypt_certificate[gitlab.les.at-consulting.ru] (letsencrypt::http_authorization line 6) had an error: RuntimeError: acme_certificate[staging] (/opt/gitlab/embedded/cookbooks/cache/cookbooks/letsencrypt/resources/certificate.rb line 41) had an error: RuntimeError: ruby_block[create certificate for gitlab.les.at-consulting.ru] (/opt/gitlab/embedded/cookbooks/cache/cookbooks/acme/resources/certificate.rb line 108) had an error: RuntimeError: [gitlab.les.at-consulting.ru] Validation failed, unable to request certificate, Errors: [{url: https://acme-staging-v02.api.letsencrypt.org/acme/chall-v3/2544092954/9jZWFw, status: invalid, error: {"type"=>"urn:ietf:params:acme:error:dns", "detail"=>"DNS problem: NXDOMAIN looking up A for gitlab.les.at-consulting.ru - check that a DNS record exists for this domain; DNS problem: NXDOMAIN looking up AAAA for gitlab.les.at-consulting.ru - check that a DNS record exists for this domain", "status"=>400}} ]
