# Logfile created on 2022-05-20 09:34:10 +0000 by logger.rb/v1.4.2
[2022-05-20T09:34:11+00:00] INFO: Started Chef Infra Zero at chefzero://localhost:1 with repository at /opt/gitlab/embedded
  One version per cookbook

[2022-05-20T09:34:11+00:00] INFO: *** Chef Infra Client 15.17.4 ***
[2022-05-20T09:34:11+00:00] INFO: Platform: x86_64-linux
[2022-05-20T09:34:11+00:00] INFO: Chef-client pid: 30
[2022-05-20T09:34:13+00:00] INFO: Setting the run_list to ["recipe[gitlab]"] from CLI options
[2022-05-20T09:34:13+00:00] INFO: Run List is [recipe[gitlab]]
[2022-05-20T09:34:13+00:00] INFO: Run List expands to [gitlab]
[2022-05-20T09:34:13+00:00] INFO: Starting Chef Infra Client Run for gitlab.les.at-consulting.ru
[2022-05-20T09:34:13+00:00] INFO: Running start handlers
[2022-05-20T09:34:13+00:00] INFO: Start handlers complete.
[2022-05-20T09:34:14+00:00] INFO: Loading cookbooks [gitlab@0.0.1, package@0.1.0, logrotate@0.1.0, postgresql@0.1.0, redis@0.1.0, monitoring@0.1.0, registry@0.1.0, mattermost@0.1.0, consul@0.1.0, gitaly@0.1.0, praefect@0.1.0, gitlab-kas@0.1.0, gitlab-pages@0.1.0, letsencrypt@0.1.0, nginx@0.1.0, runit@5.1.3, acme@4.1.3, crond@0.1.0]
[2022-05-20T09:34:19+00:00] INFO: Skipped selecting an init system because it was explicitly disabled
[2022-05-20T09:34:21+00:00] WARN: only_if block for file[/var/opt/gitlab/gitlab-rails/etc/gitlab-registry.key] returned a string, did you mean to run a command?
[2022-05-20T09:34:22+00:00] WARN: only_if block for templatesymlink[Create a gitlab_pages_secret and create a symlink to Rails root] returned a string, did you mean to run a command?
[2022-05-20T09:34:22+00:00] WARN: only_if block for templatesymlink[Create a gitlab_kas_secret and create a symlink to Rails root] returned a string, did you mean to run a command?
[2022-05-20T09:34:22+00:00] INFO: link[/opt/gitlab/service/logrotate] created
[2022-05-20T09:34:22+00:00] INFO: link[/opt/gitlab/service/redis] created
[2022-05-20T09:34:23+00:00] INFO: link[/opt/gitlab/service/gitaly] created
[2022-05-20T09:34:23+00:00] INFO: link[/opt/gitlab/service/postgresql] created
[2022-05-20T09:34:23+00:00] INFO: file[/opt/gitlab/service/postgresql/supervise/status] owner changed to 996
[2022-05-20T09:34:23+00:00] INFO: file[/opt/gitlab/service/postgresql/supervise/status] group changed to 996
[2022-05-20T09:34:23+00:00] INFO: file[/opt/gitlab/service/postgresql/supervise/status] updated atime and mtime to 2022-05-20 09:34:23 +0000
[2022-05-20T09:34:23+00:00] INFO: file[/opt/gitlab/service/postgresql/log/supervise/status] owner changed to 996
[2022-05-20T09:34:23+00:00] INFO: file[/opt/gitlab/service/postgresql/log/supervise/status] group changed to 996
[2022-05-20T09:34:23+00:00] INFO: file[/opt/gitlab/service/postgresql/log/supervise/status] updated atime and mtime to 2022-05-20 09:34:23 +0000
[2022-05-20T09:34:24+00:00] INFO: link[/opt/gitlab/service/gitlab-kas] created
[2022-05-20T09:34:24+00:00] INFO: link[/opt/gitlab/service/crond] created
[2022-05-20T09:34:24+00:00] INFO: link[/opt/gitlab/service/puma] created
[2022-05-20T09:34:24+00:00] INFO: link[/opt/gitlab/service/sidekiq] created
[2022-05-20T09:34:24+00:00] INFO: link[/opt/gitlab/service/gitlab-workhorse] created
[2022-05-20T09:34:25+00:00] INFO: link[/opt/gitlab/service/nginx] created
[2022-05-20T09:34:25+00:00] INFO: link[/opt/gitlab/service/registry] created
[2022-05-20T09:34:25+00:00] INFO: ruby_block[populate mattermost configuration options] called
[2022-05-20T09:34:25+00:00] INFO: link[/opt/gitlab/service/mattermost] created
[2022-05-20T09:34:26+00:00] INFO: ruby_block[save_auto_enabled] called
[2022-05-20T09:34:28+00:00] INFO: link[/opt/gitlab/service/gitlab-exporter] created
[2022-05-20T09:34:29+00:00] INFO: link[/opt/gitlab/service/redis-exporter] created
[2022-05-20T09:34:30+00:00] INFO: link[/opt/gitlab/service/prometheus] created
[2022-05-20T09:34:32+00:00] INFO: link[/opt/gitlab/service/alertmanager] created
[2022-05-20T09:34:33+00:00] INFO: link[/opt/gitlab/service/postgres-exporter] created
[2022-05-20T09:34:34+00:00] INFO: ruby_block[populate Grafana configuration options] called
[2022-05-20T09:34:35+00:00] INFO: link[/opt/gitlab/service/grafana] created
[2022-05-20T09:34:35+00:00] INFO: Chef Infra Client Run complete in 22.582907818 seconds
[2022-05-20T09:34:35+00:00] INFO: Running report handlers
[2022-05-20T09:34:35+00:00] INFO: Report handlers complete
[2022-05-20T09:34:35+00:00] WARN: This release of Chef Infra Client became end of life (EOL) on May 1st 2021. Please update to a supported release to receive new features, bug fixes, and security updates.
