# Logfile created on 2022-06-02 08:26:05 +0000 by logger.rb/v1.4.2
[2022-06-02T08:26:06+00:00] INFO: Started Chef Infra Zero at chefzero://localhost:1 with repository at /opt/gitlab/embedded
  One version per cookbook

[2022-06-02T08:26:06+00:00] INFO: *** Chef Infra Client 15.17.4 ***
[2022-06-02T08:26:06+00:00] INFO: Platform: x86_64-linux
[2022-06-02T08:26:06+00:00] INFO: Chef-client pid: 2626
[2022-06-02T08:26:07+00:00] INFO: Setting the run_list to ["recipe[gitlab]"] from CLI options
[2022-06-02T08:26:07+00:00] INFO: Run List is [recipe[gitlab]]
[2022-06-02T08:26:07+00:00] INFO: Run List expands to [gitlab]
[2022-06-02T08:26:07+00:00] INFO: Starting Chef Infra Client Run for gitlab.les.at-consulting.ru
[2022-06-02T08:26:07+00:00] INFO: Running start handlers
[2022-06-02T08:26:07+00:00] INFO: Start handlers complete.
[2022-06-02T08:26:08+00:00] INFO: Loading cookbooks [gitlab@0.0.1, package@0.1.0, logrotate@0.1.0, postgresql@0.1.0, redis@0.1.0, monitoring@0.1.0, registry@0.1.0, mattermost@0.1.0, consul@0.1.0, gitaly@0.1.0, praefect@0.1.0, gitlab-kas@0.1.0, gitlab-pages@0.1.0, letsencrypt@0.1.0, nginx@0.1.0, runit@5.1.3, acme@4.1.3, crond@0.1.0]
[2022-06-02T08:26:13+00:00] INFO: Skipped selecting an init system because it was explicitly disabled
[2022-06-02T08:26:15+00:00] INFO: template[/var/opt/gitlab/gitlab-rails/etc/gitlab.yml] backed up to /opt/gitlab/embedded/cookbooks/cache/backup/var/opt/gitlab/gitlab-rails/etc/gitlab.yml.chef-20220602082615.364231
[2022-06-02T08:26:15+00:00] INFO: template[/var/opt/gitlab/gitlab-rails/etc/gitlab.yml] updated file contents /var/opt/gitlab/gitlab-rails/etc/gitlab.yml
[2022-06-02T08:26:15+00:00] WARN: only_if block for templatesymlink[Create a gitlab_pages_secret and create a symlink to Rails root] returned a string, did you mean to run a command?
[2022-06-02T08:26:15+00:00] WARN: only_if block for templatesymlink[Create a gitlab_kas_secret and create a symlink to Rails root] returned a string, did you mean to run a command?
[2022-06-02T08:26:19+00:00] INFO: ruby_block[populate Grafana configuration options] called
[2022-06-02T08:26:19+00:00] INFO: templatesymlink[Create a gitlab.yml and create a symlink to Rails root] sending restart action to runit_service[puma] (delayed)
[2022-06-02T08:26:19+00:00] INFO: templatesymlink[Create a gitlab.yml and create a symlink to Rails root] sending restart action to sidekiq_service[sidekiq] (delayed)
[2022-06-02T08:26:23+00:00] INFO: templatesymlink[Create a gitlab.yml and create a symlink to Rails root] sending run action to execute[clear the gitlab-rails cache] (delayed)
[2022-06-02T08:28:19+00:00] INFO: execute[clear the gitlab-rails cache] ran successfully
[2022-06-02T08:28:19+00:00] INFO: Chef Infra Client Run complete in 131.933201625 seconds
[2022-06-02T08:28:19+00:00] INFO: Running report handlers
[2022-06-02T08:28:19+00:00] INFO: Report handlers complete
[2022-06-02T08:28:19+00:00] WARN: This release of Chef Infra Client became end of life (EOL) on May 1st 2021. Please update to a supported release to receive new features, bug fixes, and security updates.
